
Running 633 tests using 1 worker

  ✘    1 [chromium] › tests/pushengage-regression/critical/campaigns/01-validate-push-broadcast-page.spec.js:17:3 › CRITICAL - Campaigns - Validate- Push Broadcast page › Validate- Push Broadcast page (4ms)
  ✘    2 [chromium] › tests/pushengage-regression/critical/campaigns/01-validate-push-broadcast-page.spec.js:17:3 › CRITICAL - Campaigns - Validate- Push Broadcast page › Validate- Push Broadcast page (retry #1) (4ms)
  ✘    3 [chromium] › tests/pushengage-regression/critical/campaigns/01-validate-push-broadcast-page.spec.js:17:3 › CRITICAL - Campaigns - Validate- Push Broadcast page › Validate- Push Broadcast page (retry #2) (4ms)
  ✘    4 [chromium] › tests/pushengage-regression/critical/campaigns/02-validate-notification-icon.spec.js:17:3 › CRITICAL - Campaigns - Validate - Notification icon › Validate - Notification icon (7ms)
  ✘    5 [chromium] › tests/pushengage-regression/critical/campaigns/02-validate-notification-icon.spec.js:17:3 › CRITICAL - Campaigns - Validate - Notification icon › Validate - Notification icon (retry #1) (8ms)
  ✘    6 [chromium] › tests/pushengage-regression/critical/campaigns/02-validate-notification-icon.spec.js:17:3 › CRITICAL - Campaigns - Validate - Notification icon › Validate - Notification icon (retry #2) (14ms)
  ✘    7 [chromium] › tests/pushengage-regression/critical/campaigns/03-validate-help-link.spec.js:17:3 › CRITICAL - Campaigns - Validate - Help Link › Validate - Help Link (6ms)
  ✘    8 [chromium] › tests/pushengage-regression/critical/campaigns/03-validate-help-link.spec.js:17:3 › CRITICAL - Campaigns - Validate - Help Link › Validate - Help Link (retry #1) (46ms)
  ✘    9 [chromium] › tests/pushengage-regression/critical/campaigns/03-validate-help-link.spec.js:17:3 › CRITICAL - Campaigns - Validate - Help Link › Validate - Help Link (retry #2) (5ms)
  ✘   10 [chromium] › tests/pushengage-regression/critical/campaigns/04-validate-add-new.spec.js:17:3 › CRITICAL - Campaigns - Validate - Add new › Validate - Add new (10ms)
  ✘   11 [chromium] › tests/pushengage-regression/critical/campaigns/04-validate-add-new.spec.js:17:3 › CRITICAL - Campaigns - Validate - Add new › Validate - Add new (retry #1) (4ms)
  ✘   12 [chromium] › tests/pushengage-regression/critical/campaigns/04-validate-add-new.spec.js:17:3 › CRITICAL - Campaigns - Validate - Add new › Validate - Add new (retry #2) (5ms)
  ✘   13 [chromium] › tests/pushengage-regression/critical/campaigns/05-validate-add-new-content-page.spec.js:17:3 › CRITICAL - Campaigns - Validate - Add new - Content page › Validate - Add new - Content page (2ms)
  ✘   14 [chromium] › tests/pushengage-regression/critical/campaigns/05-validate-add-new-content-page.spec.js:17:3 › CRITICAL - Campaigns - Validate - Add new - Content page › Validate - Add new - Content page (retry #1) (3ms)
  ✘   15 [chromium] › tests/pushengage-regression/critical/campaigns/05-validate-add-new-content-page.spec.js:17:3 › CRITICAL - Campaigns - Validate - Add new - Content page › Validate - Add new - Content page (retry #2) (2ms)
  ✘   16 [chromium] › tests/pushengage-regression/critical/campaigns/06-validate-add-new-content-notification-fields.spec.js:17:3 › CRITICAL - Campaigns - Validate - Add new - Content - Notification fields › Validate - Add new - Content - Notification fields (2ms)
  ✘   17 [chromium] › tests/pushengage-regression/critical/campaigns/06-validate-add-new-content-notification-fields.spec.js:17:3 › CRITICAL - Campaigns - Validate - Add new - Content - Notification fields › Validate - Add new - Content - Notification fields (retry #1) (2ms)
  ✘   18 [chromium] › tests/pushengage-regression/critical/campaigns/06-validate-add-new-content-notification-fields.spec.js:17:3 › CRITICAL - Campaigns - Validate - Add new - Content - Notification fields › Validate - Add new - Content - Notification fields (retry #2) (3ms)
  ✘   19 [chromium] › tests/pushengage-regression/critical/campaigns/07-validate-add-new-content-notification-fields-show-large-image.spec.js:17:3 › CRITICAL - Campaigns - Validate - Add new - Content - Notification fields - Show large image › Validate - Add new - Content - Notification fields - Show large image (2ms)
  ✘   20 [chromium] › tests/pushengage-regression/critical/campaigns/07-validate-add-new-content-notification-fields-show-large-image.spec.js:17:3 › CRITICAL - Campaigns - Validate - Add new - Content - Notification fields - Show large image › Validate - Add new - Content - Notification fields - Show large image (retry #1) (4ms)
  ✘   21 [chromium] › tests/pushengage-regression/critical/campaigns/07-validate-add-new-content-notification-fields-show-large-image.spec.js:17:3 › CRITICAL - Campaigns - Validate - Add new - Content - Notification fields - Show large image › Validate - Add new - Content - Notification fields - Show large image (retry #2) (3ms)
  ✘   22 [chromium] › tests/pushengage-regression/critical/campaigns/08-validate-add-new-content-notification-fields-multi-action-notification-first-but.spec.js:17:3 › CRITICAL - Campaigns - Validate - Add new - Content - Notification fields - Multi Action notification - First button › Validate - Add new - Content - Notification fields - Multi Action notification - First button (3ms)
  ✘   23 [chromium] › tests/pushengage-regression/critical/campaigns/08-validate-add-new-content-notification-fields-multi-action-notification-first-but.spec.js:17:3 › CRITICAL - Campaigns - Validate - Add new - Content - Notification fields - Multi Action notification - First button › Validate - Add new - Content - Notification fields - Multi Action notification - First button (retry #1) (3ms)
  ✘   24 [chromium] › tests/pushengage-regression/critical/campaigns/08-validate-add-new-content-notification-fields-multi-action-notification-first-but.spec.js:17:3 › CRITICAL - Campaigns - Validate - Add new - Content - Notification fields - Multi Action notification - First button › Validate - Add new - Content - Notification fields - Multi Action notification - First button (retry #2) (2ms)
  ✘   25 [chromium] › tests/pushengage-regression/critical/campaigns/09-validate-add-new-content-notification-fields-multi-action-notification-second-bu.spec.js:17:3 › CRITICAL - Campaigns - Validate - Add new - Content - Notification fields - Multi Action notification - Second button › Validate - Add new - Content - Notification fields - Multi Action notification - Second button (3ms)
  ✘   26 [chromium] › tests/pushengage-regression/critical/campaigns/09-validate-add-new-content-notification-fields-multi-action-notification-second-bu.spec.js:17:3 › CRITICAL - Campaigns - Validate - Add new - Content - Notification fields - Multi Action notification - Second button › Validate - Add new - Content - Notification fields - Multi Action notification - Second button (retry #1) (4ms)
  ✘   27 [chromium] › tests/pushengage-regression/critical/campaigns/09-validate-add-new-content-notification-fields-multi-action-notification-second-bu.spec.js:17:3 › CRITICAL - Campaigns - Validate - Add new - Content - Notification fields - Multi Action notification - Second button › Validate - Add new - Content - Notification fields - Multi Action notification - Second button (retry #2) (5ms)
  ✘   28 [chromium] › tests/pushengage-regression/critical/campaigns/10-validate-add-new-content-notification-duration.spec.js:17:3 › CRITICAL - Campaigns - Validate - Add new - Content  - Notification Duration › Validate - Add new - Content  - Notification Duration (3ms)
  ✘   29 [chromium] › tests/pushengage-regression/critical/campaigns/10-validate-add-new-content-notification-duration.spec.js:17:3 › CRITICAL - Campaigns - Validate - Add new - Content  - Notification Duration › Validate - Add new - Content  - Notification Duration (retry #1) (3ms)
  ✘   30 [chromium] › tests/pushengage-regression/critical/campaigns/10-validate-add-new-content-notification-duration.spec.js:17:3 › CRITICAL - Campaigns - Validate - Add new - Content  - Notification Duration › Validate - Add new - Content  - Notification Duration (retry #2) (4ms)
  ✘   31 [chromium] › tests/pushengage-regression/critical/campaigns/11-validate-push-broadcast-content-multi-action-notification-notification-duration.spec.js:17:3 › CRITICAL - Campaigns - Validate - Push Broadcast - Content - Multi Action Notification - Notification Duration › Validate - Push Broadcast - Content - Multi Action Notification - Notification Duration (2ms)
  ✘   32 [chromium] › tests/pushengage-regression/critical/campaigns/11-validate-push-broadcast-content-multi-action-notification-notification-duration.spec.js:17:3 › CRITICAL - Campaigns - Validate - Push Broadcast - Content - Multi Action Notification - Notification Duration › Validate - Push Broadcast - Content - Multi Action Notification - Notification Duration (retry #1) (3ms)
  ✘   33 [chromium] › tests/pushengage-regression/critical/campaigns/11-validate-push-broadcast-content-multi-action-notification-notification-duration.spec.js:17:3 › CRITICAL - Campaigns - Validate - Push Broadcast - Content - Multi Action Notification - Notification Duration › Validate - Push Broadcast - Content - Multi Action Notification - Notification Duration (retry #2) (8ms)
  ✘   34 [chromium] › tests/pushengage-regression/critical/campaigns/12-validate-add-new-content-notification-duration-expires-in.spec.js:17:3 › CRITICAL - Campaigns - Validate - Add new - Content -  Notification Duration - Expires In › Validate - Add new - Content -  Notification Duration - Expires In (2ms)
  ✘   35 [chromium] › tests/pushengage-regression/critical/campaigns/12-validate-add-new-content-notification-duration-expires-in.spec.js:17:3 › CRITICAL - Campaigns - Validate - Add new - Content -  Notification Duration - Expires In › Validate - Add new - Content -  Notification Duration - Expires In (retry #1) (3ms)
  ✘   36 [chromium] › tests/pushengage-regression/critical/campaigns/12-validate-add-new-content-notification-duration-expires-in.spec.js:17:3 › CRITICAL - Campaigns - Validate - Add new - Content -  Notification Duration - Expires In › Validate - Add new - Content -  Notification Duration - Expires In (retry #2) (4ms)
  ✘   37 [chromium] › tests/pushengage-regression/critical/campaigns/13-validate-test-notification-preview.spec.js:17:3 › CRITICAL - Campaigns - Validate - Test notification preview › Validate - Test notification preview (3ms)
  ✘   38 [chromium] › tests/pushengage-regression/critical/campaigns/13-validate-test-notification-preview.spec.js:17:3 › CRITICAL - Campaigns - Validate - Test notification preview › Validate - Test notification preview (retry #1) (2ms)
  ✘   39 [chromium] › tests/pushengage-regression/critical/campaigns/13-validate-test-notification-preview.spec.js:17:3 › CRITICAL - Campaigns - Validate - Test notification preview › Validate - Test notification preview (retry #2) (4ms)
  ✘   40 [chromium] › tests/pushengage-regression/critical/campaigns/14-validate-select-notification-preview.spec.js:17:3 › CRITICAL - Campaigns - Validate - Select notification preview › Validate - Select notification preview (1ms)
  ✘   41 [chromium] › tests/pushengage-regression/critical/campaigns/14-validate-select-notification-preview.spec.js:17:3 › CRITICAL - Campaigns - Validate - Select notification preview › Validate - Select notification preview (retry #1) (11ms)
  ✘   42 [chromium] › tests/pushengage-regression/critical/campaigns/14-validate-select-notification-preview.spec.js:17:3 › CRITICAL - Campaigns - Validate - Select notification preview › Validate - Select notification preview (retry #2) (2ms)
  ✘   43 [chromium] › tests/pushengage-regression/critical/campaigns/15-validate-notification-preview-content.spec.js:17:3 › CRITICAL - Campaigns - Validate - Notification preview content › Validate - Notification preview content (3ms)
  ✘   44 [chromium] › tests/pushengage-regression/critical/campaigns/15-validate-notification-preview-content.spec.js:17:3 › CRITICAL - Campaigns - Validate - Notification preview content › Validate - Notification preview content (retry #1) (3ms)
  ✘   45 [chromium] › tests/pushengage-regression/critical/campaigns/15-validate-notification-preview-content.spec.js:17:3 › CRITICAL - Campaigns - Validate - Notification preview content › Validate - Notification preview content (retry #2) (2ms)
  ✘   46 [chromium] › tests/pushengage-regression/critical/campaigns/16-validate-notification-preview-buttons.spec.js:17:3 › CRITICAL - Campaigns - Validate - Notification preview buttons › Validate - Notification preview buttons (2ms)
  ✘   47 [chromium] › tests/pushengage-regression/critical/campaigns/16-validate-notification-preview-buttons.spec.js:17:3 › CRITICAL - Campaigns - Validate - Notification preview buttons › Validate - Notification preview buttons (retry #1) (6ms)
  ✘   48 [chromium] › tests/pushengage-regression/critical/campaigns/16-validate-notification-preview-buttons.spec.js:17:3 › CRITICAL - Campaigns - Validate - Notification preview buttons › Validate - Notification preview buttons (retry #2) (11ms)
  ✘   49 [chromium] › tests/pushengage-regression/critical/campaigns/17-validate-push-broadcast-utm-parameters-enable.spec.js:17:3 › CRITICAL - Campaigns - Validate - Push Broadcast - UTM parameters - Enable › Validate - Push Broadcast - UTM parameters - Enable (9ms)
  ✘   50 [chromium] › tests/pushengage-regression/critical/campaigns/17-validate-push-broadcast-utm-parameters-enable.spec.js:17:3 › CRITICAL - Campaigns - Validate - Push Broadcast - UTM parameters - Enable › Validate - Push Broadcast - UTM parameters - Enable (retry #1) (3ms)
  ✘   51 [chromium] › tests/pushengage-regression/critical/campaigns/17-validate-push-broadcast-utm-parameters-enable.spec.js:17:3 › CRITICAL - Campaigns - Validate - Push Broadcast - UTM parameters - Enable › Validate - Push Broadcast - UTM parameters - Enable (retry #2) (7ms)
  ✘   52 [chromium] › tests/pushengage-regression/critical/campaigns/18-validate-push-broadcast-utm-parameters-disable.spec.js:17:3 › CRITICAL - Campaigns - Validate - Push Broadcast - UTM parameters - Disable › Validate - Push Broadcast - UTM parameters - Disable (7ms)
  ✘   53 [chromium] › tests/pushengage-regression/critical/campaigns/18-validate-push-broadcast-utm-parameters-disable.spec.js:17:3 › CRITICAL - Campaigns - Validate - Push Broadcast - UTM parameters - Disable › Validate - Push Broadcast - UTM parameters - Disable (retry #1) (6ms)
  ✘   54 [chromium] › tests/pushengage-regression/critical/campaigns/18-validate-push-broadcast-utm-parameters-disable.spec.js:17:3 › CRITICAL - Campaigns - Validate - Push Broadcast - UTM parameters - Disable › Validate - Push Broadcast - UTM parameters - Disable (retry #2) (5ms)
  ✘   55 [chromium] › tests/pushengage-regression/critical/campaigns/19-validate-push-broadcast-utm-parameters.spec.js:17:3 › CRITICAL - Campaigns - Validate - Push Broadcast - UTM parameters › Validate - Push Broadcast - UTM parameters (5ms)
  ✘   56 [chromium] › tests/pushengage-regression/critical/campaigns/19-validate-push-broadcast-utm-parameters.spec.js:17:3 › CRITICAL - Campaigns - Validate - Push Broadcast - UTM parameters › Validate - Push Broadcast - UTM parameters (retry #1) (5ms)
  ✘   57 [chromium] › tests/pushengage-regression/critical/campaigns/19-validate-push-broadcast-utm-parameters.spec.js:17:3 › CRITICAL - Campaigns - Validate - Push Broadcast - UTM parameters › Validate - Push Broadcast - UTM parameters (retry #2) (11ms)
  ✘   58 [chromium] › tests/pushengage-regression/critical/campaigns/20-validate-utm-parameters-default-values.spec.js:17:3 › CRITICAL - Campaigns - Validate - UTM parameters default values › Validate - UTM parameters default values (17ms)
  ✘   59 [chromium] › tests/pushengage-regression/critical/campaigns/20-validate-utm-parameters-default-values.spec.js:17:3 › CRITICAL - Campaigns - Validate - UTM parameters default values › Validate - UTM parameters default values (retry #1) (19ms)
  ✘   60 [chromium] › tests/pushengage-regression/critical/campaigns/20-validate-utm-parameters-default-values.spec.js:17:3 › CRITICAL - Campaigns - Validate - UTM parameters default values › Validate - UTM parameters default values (retry #2) (3ms)
  ✘   61 [chromium] › tests/pushengage-regression/critical/campaigns/21-validate-utm-parameters-custom-values.spec.js:17:3 › CRITICAL - Campaigns - Validate - UTM parameters custom values › Validate - UTM parameters custom values (2ms)
  ✘   62 [chromium] › tests/pushengage-regression/critical/campaigns/21-validate-utm-parameters-custom-values.spec.js:17:3 › CRITICAL - Campaigns - Validate - UTM parameters custom values › Validate - UTM parameters custom values (retry #1) (2ms)
  ✘   63 [chromium] › tests/pushengage-regression/critical/campaigns/21-validate-utm-parameters-custom-values.spec.js:17:3 › CRITICAL - Campaigns - Validate - UTM parameters custom values › Validate - UTM parameters custom values (retry #2) (4ms)
  ✘   64 [chromium] › tests/pushengage-regression/critical/campaigns/22-validate-audience-send-to-all-subscribers-begin-immediately.spec.js:17:3 › CRITICAL - Campaigns - Validate - Audience - Send to All Subscribers - Begin immediately › Validate - Audience - Send to All Subscribers - Begin immediately (6ms)
  ✘   65 [chromium] › tests/pushengage-regression/critical/campaigns/22-validate-audience-send-to-all-subscribers-begin-immediately.spec.js:17:3 › CRITICAL - Campaigns - Validate - Audience - Send to All Subscribers - Begin immediately › Validate - Audience - Send to All Subscribers - Begin immediately (retry #1) (3ms)
  ✘   66 [chromium] › tests/pushengage-regression/critical/campaigns/22-validate-audience-send-to-all-subscribers-begin-immediately.spec.js:17:3 › CRITICAL - Campaigns - Validate - Audience - Send to All Subscribers - Begin immediately › Validate - Audience - Send to All Subscribers - Begin immediately (retry #2) (3ms)
  ✘   67 [chromium] › tests/pushengage-regression/critical/campaigns/23-validate-audience-send-to-all-subscribers-begin-sending-at-particular-day-and-ti.spec.js:17:3 › CRITICAL - Campaigns - Validate - Audience- Send to All Subscribers - Begin sending at particular day and time › Validate - Audience- Send to All Subscribers - Begin sending at particular day and time (2ms)
  ✘   68 [chromium] › tests/pushengage-regression/critical/campaigns/23-validate-audience-send-to-all-subscribers-begin-sending-at-particular-day-and-ti.spec.js:17:3 › CRITICAL - Campaigns - Validate - Audience- Send to All Subscribers - Begin sending at particular day and time › Validate - Audience- Send to All Subscribers - Begin sending at particular day and time (retry #1) (2ms)
  ✘   69 [chromium] › tests/pushengage-regression/critical/campaigns/23-validate-audience-send-to-all-subscribers-begin-sending-at-particular-day-and-ti.spec.js:17:3 › CRITICAL - Campaigns - Validate - Audience- Send to All Subscribers - Begin sending at particular day and time › Validate - Audience- Send to All Subscribers - Begin sending at particular day and time (retry #2) (2ms)
  ✘   70 [chromium] › tests/pushengage-regression/critical/campaigns/24-validate-audience-send-to-all-subscribers-setup-recurring-notification.spec.js:17:3 › CRITICAL - Campaigns - Validate - Audience - Send to All Subscribers - Setup recurring notification › Validate - Audience - Send to All Subscribers - Setup recurring notification (2ms)
  ✘   71 [chromium] › tests/pushengage-regression/critical/campaigns/24-validate-audience-send-to-all-subscribers-setup-recurring-notification.spec.js:17:3 › CRITICAL - Campaigns - Validate - Audience - Send to All Subscribers - Setup recurring notification › Validate - Audience - Send to All Subscribers - Setup recurring notification (retry #1) (1ms)
  ✘   72 [chromium] › tests/pushengage-regression/critical/campaigns/24-validate-audience-send-to-all-subscribers-setup-recurring-notification.spec.js:17:3 › CRITICAL - Campaigns - Validate - Audience - Send to All Subscribers - Setup recurring notification › Validate - Audience - Send to All Subscribers - Setup recurring notification (retry #2) (4ms)
  ✘   73 [chromium] › tests/pushengage-regression/critical/campaigns/25-validate-audience-send-to-audience-group.spec.js:17:3 › CRITICAL - Campaigns - Validate - Audience- Send to Audience group › Validate - Audience- Send to Audience group (5ms)
  ✘   74 [chromium] › tests/pushengage-regression/critical/campaigns/25-validate-audience-send-to-audience-group.spec.js:17:3 › CRITICAL - Campaigns - Validate - Audience- Send to Audience group › Validate - Audience- Send to Audience group (retry #1) (3ms)
  ✘   75 [chromium] › tests/pushengage-regression/critical/campaigns/25-validate-audience-send-to-audience-group.spec.js:17:3 › CRITICAL - Campaigns - Validate - Audience- Send to Audience group › Validate - Audience- Send to Audience group (retry #2) (2ms)
  ✘   76 [chromium] › tests/pushengage-regression/critical/campaigns/26-validate-audience-send-to-custom-audience-set-condition.spec.js:17:3 › CRITICAL - Campaigns - Validate - Audience - Send to Custom Audience -Set Condition › Validate - Audience - Send to Custom Audience -Set Condition (2ms)
  ✘   77 [chromium] › tests/pushengage-regression/critical/campaigns/26-validate-audience-send-to-custom-audience-set-condition.spec.js:17:3 › CRITICAL - Campaigns - Validate - Audience - Send to Custom Audience -Set Condition › Validate - Audience - Send to Custom Audience -Set Condition (retry #1) (2ms)
  ✘   78 [chromium] › tests/pushengage-regression/critical/campaigns/26-validate-audience-send-to-custom-audience-set-condition.spec.js:17:3 › CRITICAL - Campaigns - Validate - Audience - Send to Custom Audience -Set Condition › Validate - Audience - Send to Custom Audience -Set Condition (retry #2) (1ms)
  ✘   79 [chromium] › tests/pushengage-regression/critical/campaigns/27-validate-audience-send-to-custom-audience-save-audience-group.spec.js:17:3 › CRITICAL - Campaigns - Validate - Audience - Send to Custom Audience - Save Audience group › Validate - Audience - Send to Custom Audience - Save Audience group (3ms)
  ✘   80 [chromium] › tests/pushengage-regression/critical/campaigns/27-validate-audience-send-to-custom-audience-save-audience-group.spec.js:17:3 › CRITICAL - Campaigns - Validate - Audience - Send to Custom Audience - Save Audience group › Validate - Audience - Send to Custom Audience - Save Audience group (retry #1) (2ms)
  ✘   81 [chromium] › tests/pushengage-regression/critical/campaigns/27-validate-audience-send-to-custom-audience-save-audience-group.spec.js:17:3 › CRITICAL - Campaigns - Validate - Audience - Send to Custom Audience - Save Audience group › Validate - Audience - Send to Custom Audience - Save Audience group (retry #2) (3ms)
  ✘   82 [chromium] › tests/pushengage-regression/critical/campaigns/28-validate-add-new-save-as-draft.spec.js:17:3 › CRITICAL - Campaigns - Validate - Add new - Save as draft › Validate - Add new - Save as draft (3ms)
  ✘   83 [chromium] › tests/pushengage-regression/critical/campaigns/28-validate-add-new-save-as-draft.spec.js:17:3 › CRITICAL - Campaigns - Validate - Add new - Save as draft › Validate - Add new - Save as draft (retry #1) (1ms)
  ✘   84 [chromium] › tests/pushengage-regression/critical/campaigns/28-validate-add-new-save-as-draft.spec.js:17:3 › CRITICAL - Campaigns - Validate - Add new - Save as draft › Validate - Add new - Save as draft (retry #2) (2ms)
  ✘   85 [chromium] › tests/pushengage-regression/critical/campaigns/29-validate-add-new-test-notification.spec.js:17:3 › CRITICAL - Campaigns - Validate - Add new - Test Notification › Validate - Add new - Test Notification (4ms)
  ✘   86 [chromium] › tests/pushengage-regression/critical/campaigns/29-validate-add-new-test-notification.spec.js:17:3 › CRITICAL - Campaigns - Validate - Add new - Test Notification › Validate - Add new - Test Notification (retry #1) (2ms)
  ✘   87 [chromium] › tests/pushengage-regression/critical/campaigns/29-validate-add-new-test-notification.spec.js:17:3 › CRITICAL - Campaigns - Validate - Add new - Test Notification › Validate - Add new - Test Notification (retry #2) (3ms)
  ✘   88 [chromium] › tests/pushengage-regression/critical/campaigns/30-validate-add-new-a-b-testing-send-to-all-subscribers-begin-sending-immediately.spec.js:17:3 › CRITICAL - Campaigns - Validate Add new A/B Testing - Send to all subscribers - Begin sending immediately › Validate Add new A/B Testing - Send to all subscribers - Begin sending immediately (2ms)
  ✘   89 [chromium] › tests/pushengage-regression/critical/campaigns/30-validate-add-new-a-b-testing-send-to-all-subscribers-begin-sending-immediately.spec.js:17:3 › CRITICAL - Campaigns - Validate Add new A/B Testing - Send to all subscribers - Begin sending immediately › Validate Add new A/B Testing - Send to all subscribers - Begin sending immediately (retry #1) (1ms)
  ✘   90 [chromium] › tests/pushengage-regression/critical/campaigns/30-validate-add-new-a-b-testing-send-to-all-subscribers-begin-sending-immediately.spec.js:17:3 › CRITICAL - Campaigns - Validate Add new A/B Testing - Send to all subscribers - Begin sending immediately › Validate Add new A/B Testing - Send to all subscribers - Begin sending immediately (retry #2) (5ms)
  ✘   91 [chromium] › tests/pushengage-regression/critical/campaigns/31-validate-add-new-a-b-testing-send-to-audience-group-begin-sending-immediately.spec.js:17:3 › CRITICAL - Campaigns - Validate Add new A/B Testing - Send to Audience group - Begin sending immediately › Validate Add new A/B Testing - Send to Audience group - Begin sending immediately (3ms)
  ✘   92 [chromium] › tests/pushengage-regression/critical/campaigns/31-validate-add-new-a-b-testing-send-to-audience-group-begin-sending-immediately.spec.js:17:3 › CRITICAL - Campaigns - Validate Add new A/B Testing - Send to Audience group - Begin sending immediately › Validate Add new A/B Testing - Send to Audience group - Begin sending immediately (retry #1) (2ms)
  ✘   93 [chromium] › tests/pushengage-regression/critical/campaigns/31-validate-add-new-a-b-testing-send-to-audience-group-begin-sending-immediately.spec.js:17:3 › CRITICAL - Campaigns - Validate Add new A/B Testing - Send to Audience group - Begin sending immediately › Validate Add new A/B Testing - Send to Audience group - Begin sending immediately (retry #2) (1ms)
  ✘   94 [chromium] › tests/pushengage-regression/critical/campaigns/32-validate-add-new-a-b-testing-send-to-custom-audience-begin-sending-immediately.spec.js:17:3 › CRITICAL - Campaigns - Validate Add new A/B Testing - Send to Custom Audience - Begin sending immediately › Validate Add new A/B Testing - Send to Custom Audience - Begin sending immediately (4ms)
  ✘   95 [chromium] › tests/pushengage-regression/critical/campaigns/32-validate-add-new-a-b-testing-send-to-custom-audience-begin-sending-immediately.spec.js:17:3 › CRITICAL - Campaigns - Validate Add new A/B Testing - Send to Custom Audience - Begin sending immediately › Validate Add new A/B Testing - Send to Custom Audience - Begin sending immediately (retry #1) (3ms)
  ✘   96 [chromium] › tests/pushengage-regression/critical/campaigns/32-validate-add-new-a-b-testing-send-to-custom-audience-begin-sending-immediately.spec.js:17:3 › CRITICAL - Campaigns - Validate Add new A/B Testing - Send to Custom Audience - Begin sending immediately › Validate Add new A/B Testing - Send to Custom Audience - Begin sending immediately (retry #2) (2ms)
  ✘   97 [chromium] › tests/pushengage-regression/critical/campaigns/33-validate-add-new-a-b-testing-send-to-all-subscribers-begin-sending-at-a-particul.spec.js:18:3 › CRITICAL - Campaigns - Validate Add new A/B Testing - Send to all subscribers - Begin sending at a particular day and time › Validate Add new A/B Testing - Send to all subscribers - Begin sending at a particular day and time (5ms)
  ✘   98 [chromium] › tests/pushengage-regression/critical/campaigns/33-validate-add-new-a-b-testing-send-to-all-subscribers-begin-sending-at-a-particul.spec.js:18:3 › CRITICAL - Campaigns - Validate Add new A/B Testing - Send to all subscribers - Begin sending at a particular day and time › Validate Add new A/B Testing - Send to all subscribers - Begin sending at a particular day and time (retry #1) (2ms)
  ✘   99 [chromium] › tests/pushengage-regression/critical/campaigns/33-validate-add-new-a-b-testing-send-to-all-subscribers-begin-sending-at-a-particul.spec.js:18:3 › CRITICAL - Campaigns - Validate Add new A/B Testing - Send to all subscribers - Begin sending at a particular day and time › Validate Add new A/B Testing - Send to all subscribers - Begin sending at a particular day and time (retry #2) (3ms)
  ✘  100 [chromium] › tests/pushengage-regression/critical/campaigns/34-validate-add-new-a-b-testing-send-to-audience-group-begin-sending-at-a-particula.spec.js:18:3 › CRITICAL - Campaigns - Validate Add new A/B Testing - Send to Audience group - Begin sending at a particular day and time › Validate Add new A/B Testing - Send to Audience group - Begin sending at a particular day and time (4ms)
  ✘  101 [chromium] › tests/pushengage-regression/critical/campaigns/34-validate-add-new-a-b-testing-send-to-audience-group-begin-sending-at-a-particula.spec.js:18:3 › CRITICAL - Campaigns - Validate Add new A/B Testing - Send to Audience group - Begin sending at a particular day and time › Validate Add new A/B Testing - Send to Audience group - Begin sending at a particular day and time (retry #1) (4ms)
  ✘  102 [chromium] › tests/pushengage-regression/critical/campaigns/34-validate-add-new-a-b-testing-send-to-audience-group-begin-sending-at-a-particula.spec.js:18:3 › CRITICAL - Campaigns - Validate Add new A/B Testing - Send to Audience group - Begin sending at a particular day and time › Validate Add new A/B Testing - Send to Audience group - Begin sending at a particular day and time (retry #2) (2ms)
  ✘  103 [chromium] › tests/pushengage-regression/critical/campaigns/35-validate-add-new-a-b-testing-send-to-custom-audience-begin-sending-at-a-particul.spec.js:18:3 › CRITICAL - Campaigns - Validate Add new A/B Testing - Send to Custom Audience - Begin sending at a particular day and time › Validate Add new A/B Testing - Send to Custom Audience - Begin sending at a particular day and time (2ms)
  ✘  104 [chromium] › tests/pushengage-regression/critical/campaigns/35-validate-add-new-a-b-testing-send-to-custom-audience-begin-sending-at-a-particul.spec.js:18:3 › CRITICAL - Campaigns - Validate Add new A/B Testing - Send to Custom Audience - Begin sending at a particular day and time › Validate Add new A/B Testing - Send to Custom Audience - Begin sending at a particular day and time (retry #1) (2ms)
  ✘  105 [chromium] › tests/pushengage-regression/critical/campaigns/35-validate-add-new-a-b-testing-send-to-custom-audience-begin-sending-at-a-particul.spec.js:18:3 › CRITICAL - Campaigns - Validate Add new A/B Testing - Send to Custom Audience - Begin sending at a particular day and time › Validate Add new A/B Testing - Send to Custom Audience - Begin sending at a particular day and time (retry #2) (4ms)
  ✘  106 [chromium] › tests/pushengage-regression/critical/campaigns/36-validate-add-new-intelligent-ab-test-enable.spec.js:18:3 › CRITICAL - Campaigns - Validate - Add new - Intelligent AB Test - Enable › Validate - Add new - Intelligent AB Test - Enable (2ms)
  ✘  107 [chromium] › tests/pushengage-regression/critical/campaigns/36-validate-add-new-intelligent-ab-test-enable.spec.js:18:3 › CRITICAL - Campaigns - Validate - Add new - Intelligent AB Test - Enable › Validate - Add new - Intelligent AB Test - Enable (retry #1) (1ms)
  ✘  108 [chromium] › tests/pushengage-regression/critical/campaigns/36-validate-add-new-intelligent-ab-test-enable.spec.js:18:3 › CRITICAL - Campaigns - Validate - Add new - Intelligent AB Test - Enable › Validate - Add new - Intelligent AB Test - Enable (retry #2) (1ms)
  ✘  109 [chromium] › tests/pushengage-regression/critical/campaigns/37-validate-add-new-intelligent-ab-test-send.spec.js:18:3 › CRITICAL - Campaigns - Validate - Add new - Intelligent AB Test  - Send › Validate - Add new - Intelligent AB Test  - Send (2ms)
  ✘  110 [chromium] › tests/pushengage-regression/critical/campaigns/37-validate-add-new-intelligent-ab-test-send.spec.js:18:3 › CRITICAL - Campaigns - Validate - Add new - Intelligent AB Test  - Send › Validate - Add new - Intelligent AB Test  - Send (retry #1) (3ms)
  ✘  111 [chromium] › tests/pushengage-regression/critical/campaigns/37-validate-add-new-intelligent-ab-test-send.spec.js:18:3 › CRITICAL - Campaigns - Validate - Add new - Intelligent AB Test  - Send › Validate - Add new - Intelligent AB Test  - Send (retry #2) (2ms)
  ✘  112 [chromium] › tests/pushengage-regression/critical/campaigns/38-validate-add-new-save-as-draft.spec.js:18:3 › CRITICAL - Campaigns - Validate - Add new - Save as Draft › Validate - Add new - Save as Draft (3ms)
  ✘  113 [chromium] › tests/pushengage-regression/critical/campaigns/38-validate-add-new-save-as-draft.spec.js:18:3 › CRITICAL - Campaigns - Validate - Add new - Save as Draft › Validate - Add new - Save as Draft (retry #1) (5ms)
  ✘  114 [chromium] › tests/pushengage-regression/critical/campaigns/38-validate-add-new-save-as-draft.spec.js:18:3 › CRITICAL - Campaigns - Validate - Add new - Save as Draft › Validate - Add new - Save as Draft (retry #2) (3ms)
  ✘  115 [chromium] › tests/pushengage-regression/critical/campaigns/39-validate-add-new-remove-a-b-testing.spec.js:17:3 › CRITICAL - Campaigns - Validate - Add new - Remove A/B testing › Validate - Add new - Remove A/B testing (1ms)
  ✘  116 [chromium] › tests/pushengage-regression/critical/campaigns/39-validate-add-new-remove-a-b-testing.spec.js:17:3 › CRITICAL - Campaigns - Validate - Add new - Remove A/B testing › Validate - Add new - Remove A/B testing (retry #1) (3ms)
  ✘  117 [chromium] › tests/pushengage-regression/critical/campaigns/39-validate-add-new-remove-a-b-testing.spec.js:17:3 › CRITICAL - Campaigns - Validate - Add new - Remove A/B testing › Validate - Add new - Remove A/B testing (retry #2) (1ms)
  ✘  118 [chromium] › tests/pushengage-regression/critical/campaigns/40-validate-notification-preview.spec.js:17:3 › CRITICAL - Campaigns - Validate - Notification preview › Validate - Notification preview (2ms)
  ✘  119 [chromium] › tests/pushengage-regression/critical/campaigns/40-validate-notification-preview.spec.js:17:3 › CRITICAL - Campaigns - Validate - Notification preview › Validate - Notification preview (retry #1) (3ms)
  ✘  120 [chromium] › tests/pushengage-regression/critical/campaigns/40-validate-notification-preview.spec.js:17:3 › CRITICAL - Campaigns - Validate - Notification preview › Validate - Notification preview (retry #2) (2ms)
  ✘  121 [chromium] › tests/pushengage-regression/critical/campaigns/41-validate-notification-preview-close.spec.js:17:3 › CRITICAL - Campaigns - Validate - Notification preview  - Close › Validate - Notification preview  - Close (2ms)
  ✘  122 [chromium] › tests/pushengage-regression/critical/campaigns/41-validate-notification-preview-close.spec.js:17:3 › CRITICAL - Campaigns - Validate - Notification preview  - Close › Validate - Notification preview  - Close (retry #1) (2ms)
  ✘  123 [chromium] › tests/pushengage-regression/critical/campaigns/41-validate-notification-preview-close.spec.js:17:3 › CRITICAL - Campaigns - Validate - Notification preview  - Close › Validate - Notification preview  - Close (retry #2) (3ms)
  ✘  124 [chromium] › tests/pushengage-regression/critical/campaigns/42-validate-notification-preview-resend-yes.spec.js:17:3 › CRITICAL - Campaigns - Validate - Notification preview  - Resend - Yes › Validate - Notification preview  - Resend - Yes (2ms)
  ✘  125 [chromium] › tests/pushengage-regression/critical/campaigns/42-validate-notification-preview-resend-yes.spec.js:17:3 › CRITICAL - Campaigns - Validate - Notification preview  - Resend - Yes › Validate - Notification preview  - Resend - Yes (retry #1) (1ms)
  ✘  126 [chromium] › tests/pushengage-regression/critical/campaigns/42-validate-notification-preview-resend-yes.spec.js:17:3 › CRITICAL - Campaigns - Validate - Notification preview  - Resend - Yes › Validate - Notification preview  - Resend - Yes (retry #2) (2ms)
  ✘  127 [chromium] › tests/pushengage-regression/critical/campaigns/43-validate-notification-preview-resend-no.spec.js:17:3 › CRITICAL - Campaigns - Validate - Notification preview  - Resend - No › Validate - Notification preview  - Resend - No (2ms)
  ✘  128 [chromium] › tests/pushengage-regression/critical/campaigns/43-validate-notification-preview-resend-no.spec.js:17:3 › CRITICAL - Campaigns - Validate - Notification preview  - Resend - No › Validate - Notification preview  - Resend - No (retry #1) (2ms)
  ✘  129 [chromium] › tests/pushengage-regression/critical/campaigns/43-validate-notification-preview-resend-no.spec.js:17:3 › CRITICAL - Campaigns - Validate - Notification preview  - Resend - No › Validate - Notification preview  - Resend - No (retry #2) (2ms)
  ✘  130 [chromium] › tests/pushengage-regression/critical/campaigns/44-validate-notification-preview-export.spec.js:17:3 › CRITICAL - Campaigns - Validate - Notification preview  - Export › Validate - Notification preview  - Export (2ms)
  ✘  131 [chromium] › tests/pushengage-regression/critical/campaigns/44-validate-notification-preview-export.spec.js:17:3 › CRITICAL - Campaigns - Validate - Notification preview  - Export › Validate - Notification preview  - Export (retry #1) (2ms)
  ✘  132 [chromium] › tests/pushengage-regression/critical/campaigns/44-validate-notification-preview-export.spec.js:17:3 › CRITICAL - Campaigns - Validate - Notification preview  - Export › Validate - Notification preview  - Export (retry #2) (2ms)
  ✘  133 [chromium] › tests/pushengage-regression/critical/campaigns/45-validate-notification-preview-duplicate.spec.js:17:3 › CRITICAL - Campaigns - Validate - Notification preview  - Duplicate › Validate - Notification preview  - Duplicate (2ms)
  ✘  134 [chromium] › tests/pushengage-regression/critical/campaigns/45-validate-notification-preview-duplicate.spec.js:17:3 › CRITICAL - Campaigns - Validate - Notification preview  - Duplicate › Validate - Notification preview  - Duplicate (retry #1) (2ms)
  ✘  135 [chromium] › tests/pushengage-regression/critical/campaigns/45-validate-notification-preview-duplicate.spec.js:17:3 › CRITICAL - Campaigns - Validate - Notification preview  - Duplicate › Validate - Notification preview  - Duplicate (retry #2) (2ms)
  ✘  136 [chromium] › tests/pushengage-regression/critical/campaigns/46-validate-notification-preview-edit.spec.js:17:3 › CRITICAL - Campaigns - Validate - Notification preview  - Edit › Validate - Notification preview  - Edit (2ms)
  ✘  137 [chromium] › tests/pushengage-regression/critical/campaigns/46-validate-notification-preview-edit.spec.js:17:3 › CRITICAL - Campaigns - Validate - Notification preview  - Edit › Validate - Notification preview  - Edit (retry #1) (1ms)
  ✘  138 [chromium] › tests/pushengage-regression/critical/campaigns/46-validate-notification-preview-edit.spec.js:17:3 › CRITICAL - Campaigns - Validate - Notification preview  - Edit › Validate - Notification preview  - Edit (retry #2) (2ms)
  ✘  139 [chromium] › tests/pushengage-regression/critical/campaigns/47-validate-notification-preview-delete.spec.js:17:3 › CRITICAL - Campaigns - Validate - Notification preview  - Delete › Validate - Notification preview  - Delete (2ms)
  ✘  140 [chromium] › tests/pushengage-regression/critical/campaigns/47-validate-notification-preview-delete.spec.js:17:3 › CRITICAL - Campaigns - Validate - Notification preview  - Delete › Validate - Notification preview  - Delete (retry #1) (1ms)
  ✘  141 [chromium] › tests/pushengage-regression/critical/campaigns/47-validate-notification-preview-delete.spec.js:17:3 › CRITICAL - Campaigns - Validate - Notification preview  - Delete › Validate - Notification preview  - Delete (retry #2) (2ms)
  ✘  142 [chromium] › tests/pushengage-regression/critical/campaigns/48-validate-filter-elements-options.spec.js:17:3 › CRITICAL - Campaigns - Validate - Filter Elements/Options › Validate - Filter Elements/Options (2ms)
  ✘  143 [chromium] › tests/pushengage-regression/critical/campaigns/48-validate-filter-elements-options.spec.js:17:3 › CRITICAL - Campaigns - Validate - Filter Elements/Options › Validate - Filter Elements/Options (retry #1) (2ms)
  ✘  144 [chromium] › tests/pushengage-regression/critical/campaigns/48-validate-filter-elements-options.spec.js:17:3 › CRITICAL - Campaigns - Validate - Filter Elements/Options › Validate - Filter Elements/Options (retry #2) (3ms)
  ✘  145 [chromium] › tests/pushengage-regression/critical/campaigns/49-validate-filter-search.spec.js:17:3 › CRITICAL - Campaigns - Validate - Filter search › Validate - Filter search (2ms)
  ✘  146 [chromium] › tests/pushengage-regression/critical/campaigns/49-validate-filter-search.spec.js:17:3 › CRITICAL - Campaigns - Validate - Filter search › Validate - Filter search (retry #1) (2ms)
  ✘  147 [chromium] › tests/pushengage-regression/critical/campaigns/49-validate-filter-search.spec.js:17:3 › CRITICAL - Campaigns - Validate - Filter search › Validate - Filter search (retry #2) (2ms)
  ✘  148 [chromium] › tests/pushengage-regression/critical/campaigns/50-validate-all-notifications-count-and-filter.spec.js:17:3 › CRITICAL - Campaigns - Validate - All Notifications Count and filter › Validate - All Notifications Count and filter (2ms)
  ✘  149 [chromium] › tests/pushengage-regression/critical/campaigns/50-validate-all-notifications-count-and-filter.spec.js:17:3 › CRITICAL - Campaigns - Validate - All Notifications Count and filter › Validate - All Notifications Count and filter (retry #1) (2ms)
  ✘  150 [chromium] › tests/pushengage-regression/critical/campaigns/50-validate-all-notifications-count-and-filter.spec.js:17:3 › CRITICAL - Campaigns - Validate - All Notifications Count and filter › Validate - All Notifications Count and filter (retry #2) (2ms)
  ✘  151 [chromium] › tests/pushengage-regression/critical/campaigns/51-validate-sent-notifications-count-and-filter.spec.js:17:3 › CRITICAL - Campaigns - Validate - Sent Notifications Count and filter › Validate - Sent Notifications Count and filter (2ms)
  ✘  152 [chromium] › tests/pushengage-regression/critical/campaigns/51-validate-sent-notifications-count-and-filter.spec.js:17:3 › CRITICAL - Campaigns - Validate - Sent Notifications Count and filter › Validate - Sent Notifications Count and filter (retry #1) (2ms)
  ✘  153 [chromium] › tests/pushengage-regression/critical/campaigns/51-validate-sent-notifications-count-and-filter.spec.js:17:3 › CRITICAL - Campaigns - Validate - Sent Notifications Count and filter › Validate - Sent Notifications Count and filter (retry #2) (2ms)
  ✘  154 [chromium] › tests/pushengage-regression/critical/campaigns/52-validate-draft-notifications-count-and-filter.spec.js:17:3 › CRITICAL - Campaigns - Validate - Draft Notifications Count and filter › Validate - Draft Notifications Count and filter (2ms)
  ✘  155 [chromium] › tests/pushengage-regression/critical/campaigns/52-validate-draft-notifications-count-and-filter.spec.js:17:3 › CRITICAL - Campaigns - Validate - Draft Notifications Count and filter › Validate - Draft Notifications Count and filter (retry #1) (5ms)
  ✘  156 [chromium] › tests/pushengage-regression/critical/campaigns/52-validate-draft-notifications-count-and-filter.spec.js:17:3 › CRITICAL - Campaigns - Validate - Draft Notifications Count and filter › Validate - Draft Notifications Count and filter (retry #2) (2ms)
  ✘  157 [chromium] › tests/pushengage-regression/critical/campaigns/53-validate-scheduled-notifications-count-and-filter.spec.js:17:3 › CRITICAL - Campaigns - Validate - Scheduled Notifications Count and filter › Validate - Scheduled Notifications Count and filter (2ms)
  ✘  158 [chromium] › tests/pushengage-regression/critical/campaigns/53-validate-scheduled-notifications-count-and-filter.spec.js:17:3 › CRITICAL - Campaigns - Validate - Scheduled Notifications Count and filter › Validate - Scheduled Notifications Count and filter (retry #1) (2ms)
  ✘  159 [chromium] › tests/pushengage-regression/critical/campaigns/53-validate-scheduled-notifications-count-and-filter.spec.js:17:3 › CRITICAL - Campaigns - Validate - Scheduled Notifications Count and filter › Validate - Scheduled Notifications Count and filter (retry #2) (3ms)
  ✘  160 [chromium] › tests/pushengage-regression/critical/campaigns/54-validate-export-notifications.spec.js:17:3 › CRITICAL - Campaigns - Validate - Export Notifications › Validate - Export Notifications (3ms)
  ✘  161 [chromium] › tests/pushengage-regression/critical/campaigns/54-validate-export-notifications.spec.js:17:3 › CRITICAL - Campaigns - Validate - Export Notifications › Validate - Export Notifications (retry #1) (2ms)
  ✘  162 [chromium] › tests/pushengage-regression/critical/campaigns/54-validate-export-notifications.spec.js:17:3 › CRITICAL - Campaigns - Validate - Export Notifications › Validate - Export Notifications (retry #2) (2ms)
  ✘  163 [chromium] › tests/pushengage-regression/critical/campaigns/55-validate-notification-sort-latest.spec.js:17:3 › CRITICAL - Campaigns - Validate - Notification Sort - Latest › Validate - Notification Sort - Latest (3ms)
  ✘  164 [chromium] › tests/pushengage-regression/critical/campaigns/55-validate-notification-sort-latest.spec.js:17:3 › CRITICAL - Campaigns - Validate - Notification Sort - Latest › Validate - Notification Sort - Latest (retry #1) (1ms)
  ✘  165 [chromium] › tests/pushengage-regression/critical/campaigns/55-validate-notification-sort-latest.spec.js:17:3 › CRITICAL - Campaigns - Validate - Notification Sort - Latest › Validate - Notification Sort - Latest (retry #2) (1ms)
  ✘  166 [chromium] › tests/pushengage-regression/critical/campaigns/56-validate-notification-sort-oldest.spec.js:17:3 › CRITICAL - Campaigns - Validate - Notification Sort - Oldest › Validate - Notification Sort - Oldest (1ms)
  ✘  167 [chromium] › tests/pushengage-regression/critical/campaigns/56-validate-notification-sort-oldest.spec.js:17:3 › CRITICAL - Campaigns - Validate - Notification Sort - Oldest › Validate - Notification Sort - Oldest (retry #1) (1ms)
  ✘  168 [chromium] › tests/pushengage-regression/critical/campaigns/56-validate-notification-sort-oldest.spec.js:17:3 › CRITICAL - Campaigns - Validate - Notification Sort - Oldest › Validate - Notification Sort - Oldest (retry #2) (2ms)
  ✘  169 [chromium] › tests/pushengage-regression/critical/campaigns/57-validate-a-b-testing-close-result.spec.js:17:3 › CRITICAL - Campaigns - Validate - A/B testing Close result › Validate - A/B testing Close result (1ms)
  ✘  170 [chromium] › tests/pushengage-regression/critical/campaigns/57-validate-a-b-testing-close-result.spec.js:17:3 › CRITICAL - Campaigns - Validate - A/B testing Close result › Validate - A/B testing Close result (retry #1) (1ms)
  ✘  171 [chromium] › tests/pushengage-regression/critical/campaigns/57-validate-a-b-testing-close-result.spec.js:17:3 › CRITICAL - Campaigns - Validate - A/B testing Close result › Validate - A/B testing Close result (retry #2) (1ms)
  ✘  172 [chromium] › tests/pushengage-regression/critical/campaigns-working.spec.js:45:3 › Push Broadcast Campaigns - Full Suite › 01 - Validate Push Broadcast Page Elements (0ms)
  -  173 [chromium] › tests/pushengage-regression/critical/campaigns-working.spec.js:82:3 › Push Broadcast Campaigns - Full Suite › 02 - Create and Send Immediate Broadcast
  -  174 [chromium] › tests/pushengage-regression/critical/campaigns-working.spec.js:149:3 › Push Broadcast Campaigns - Full Suite › 03 - Schedule Broadcast for Future
  -  175 [chromium] › tests/pushengage-regression/critical/campaigns-working.spec.js:204:3 › Push Broadcast Campaigns - Full Suite › 04 - Create Draft Broadcast
  -  176 [chromium] › tests/pushengage-regression/critical/campaigns-working.spec.js:242:3 › Push Broadcast Campaigns - Full Suite › 05 - Verify Broadcasts Appear in List
  -  177 [chromium] › tests/pushengage-regression/critical/campaigns-working.spec.js:267:3 › Push Broadcast Campaigns - Full Suite › 06 - Test Search and Filter
  ✘  178 [chromium] › tests/pushengage-regression/critical/campaigns-working.spec.js:45:3 › Push Broadcast Campaigns - Full Suite › 01 - Validate Push Broadcast Page Elements (retry #1) (0ms)
  -  179 [chromium] › tests/pushengage-regression/critical/campaigns-working.spec.js:82:3 › Push Broadcast Campaigns - Full Suite › 02 - Create and Send Immediate Broadcast (retry #1)
  -  180 [chromium] › tests/pushengage-regression/critical/campaigns-working.spec.js:149:3 › Push Broadcast Campaigns - Full Suite › 03 - Schedule Broadcast for Future (retry #1)
  -  181 [chromium] › tests/pushengage-regression/critical/campaigns-working.spec.js:204:3 › Push Broadcast Campaigns - Full Suite › 04 - Create Draft Broadcast (retry #1)
  -  182 [chromium] › tests/pushengage-regression/critical/campaigns-working.spec.js:242:3 › Push Broadcast Campaigns - Full Suite › 05 - Verify Broadcasts Appear in List (retry #1)
  -  183 [chromium] › tests/pushengage-regression/critical/campaigns-working.spec.js:267:3 › Push Broadcast Campaigns - Full Suite › 06 - Test Search and Filter (retry #1)
  ✘  184 [chromium] › tests/pushengage-regression/critical/campaigns-working.spec.js:45:3 › Push Broadcast Campaigns - Full Suite › 01 - Validate Push Broadcast Page Elements (retry #2) (0ms)
  -  185 [chromium] › tests/pushengage-regression/critical/campaigns-working.spec.js:82:3 › Push Broadcast Campaigns - Full Suite › 02 - Create and Send Immediate Broadcast (retry #2)
  -  186 [chromium] › tests/pushengage-regression/critical/campaigns-working.spec.js:149:3 › Push Broadcast Campaigns - Full Suite › 03 - Schedule Broadcast for Future (retry #2)
  -  187 [chromium] › tests/pushengage-regression/critical/campaigns-working.spec.js:204:3 › Push Broadcast Campaigns - Full Suite › 04 - Create Draft Broadcast (retry #2)
  -  188 [chromium] › tests/pushengage-regression/critical/campaigns-working.spec.js:242:3 › Push Broadcast Campaigns - Full Suite › 05 - Verify Broadcasts Appear in List (retry #2)
  -  189 [chromium] › tests/pushengage-regression/critical/campaigns-working.spec.js:267:3 › Push Broadcast Campaigns - Full Suite › 06 - Test Search and Filter (retry #2)
  ✘  190 [chromium] › tests/pushengage-regression/critical/dashboard/01-validate-dashboard-elements-if-no-site-connected.spec.js:17:3 › CRITICAL - Dashboard - Validate Dashboard Elements - If no site connected › Validate Dashboard Elements - If no site connected (1ms)
  ✘  191 [chromium] › tests/pushengage-regression/critical/dashboard/01-validate-dashboard-elements-if-no-site-connected.spec.js:17:3 › CRITICAL - Dashboard - Validate Dashboard Elements - If no site connected › Validate Dashboard Elements - If no site connected (retry #1) (2ms)
  ✘  192 [chromium] › tests/pushengage-regression/critical/dashboard/01-validate-dashboard-elements-if-no-site-connected.spec.js:17:3 › CRITICAL - Dashboard - Validate Dashboard Elements - If no site connected › Validate Dashboard Elements - If no site connected (retry #2) (1ms)
  ✘  193 [chromium] › tests/pushengage-regression/critical/dashboard/02-validate-dashboard-elements.spec.js:17:3 › CRITICAL - Dashboard - Validate Dashboard Elements › Validate Dashboard Elements (1ms)
  ✘  194 [chromium] › tests/pushengage-regression/critical/dashboard/02-validate-dashboard-elements.spec.js:17:3 › CRITICAL - Dashboard - Validate Dashboard Elements › Validate Dashboard Elements (retry #1) (1ms)
  ✘  195 [chromium] › tests/pushengage-regression/critical/dashboard/02-validate-dashboard-elements.spec.js:17:3 › CRITICAL - Dashboard - Validate Dashboard Elements › Validate Dashboard Elements (retry #2) (1ms)
  ✘  196 [chromium] › tests/pushengage-regression/critical/dashboard/03-validate-dashboard-elements-when-site-is-connected.spec.js:17:3 › CRITICAL - Dashboard - Validate Dashboard Elements - When site is connected › Validate Dashboard Elements - When site is connected (1ms)
  ✘  197 [chromium] › tests/pushengage-regression/critical/dashboard/03-validate-dashboard-elements-when-site-is-connected.spec.js:17:3 › CRITICAL - Dashboard - Validate Dashboard Elements - When site is connected › Validate Dashboard Elements - When site is connected (retry #1) (1ms)
  ✘  198 [chromium] › tests/pushengage-regression/critical/dashboard/03-validate-dashboard-elements-when-site-is-connected.spec.js:17:3 › CRITICAL - Dashboard - Validate Dashboard Elements - When site is connected › Validate Dashboard Elements - When site is connected (retry #2) (1ms)
  ✘  199 [chromium] › tests/pushengage-regression/critical/dashboard/04-validate-free-plan-upgrade-header.spec.js:17:3 › CRITICAL - Dashboard - Validate - Free Plan- Upgrade header › Validate - Free Plan- Upgrade header (1ms)
  ✘  200 [chromium] › tests/pushengage-regression/critical/dashboard/04-validate-free-plan-upgrade-header.spec.js:17:3 › CRITICAL - Dashboard - Validate - Free Plan- Upgrade header › Validate - Free Plan- Upgrade header (retry #1) (1ms)
  ✘  201 [chromium] › tests/pushengage-regression/critical/dashboard/04-validate-free-plan-upgrade-header.spec.js:17:3 › CRITICAL - Dashboard - Validate - Free Plan- Upgrade header › Validate - Free Plan- Upgrade header (retry #2) (1ms)
  ✘  202 [chromium] › tests/pushengage-regression/critical/dashboard/05-validate-notification-icon.spec.js:17:3 › CRITICAL - Dashboard - Validate - Notification icon › Validate - Notification icon (1ms)
  ✘  203 [chromium] › tests/pushengage-regression/critical/dashboard/05-validate-notification-icon.spec.js:17:3 › CRITICAL - Dashboard - Validate - Notification icon › Validate - Notification icon (retry #1) (1ms)
  ✘  204 [chromium] › tests/pushengage-regression/critical/dashboard/05-validate-notification-icon.spec.js:17:3 › CRITICAL - Dashboard - Validate - Notification icon › Validate - Notification icon (retry #2) (1ms)
  ✘  205 [chromium] › tests/pushengage-regression/critical/dashboard/06-validate-help-link.spec.js:17:3 › CRITICAL - Dashboard - Validate - Help link › Validate - Help link (2ms)
  ✘  206 [chromium] › tests/pushengage-regression/critical/dashboard/06-validate-help-link.spec.js:17:3 › CRITICAL - Dashboard - Validate - Help link › Validate - Help link (retry #1) (1ms)
  ✘  207 [chromium] › tests/pushengage-regression/critical/dashboard/06-validate-help-link.spec.js:17:3 › CRITICAL - Dashboard - Validate - Help link › Validate - Help link (retry #2) (1ms)
  ✘  208 [chromium] › tests/pushengage-regression/critical/dashboard/07-validate-search-filter-on-help-modal.spec.js:17:3 › CRITICAL - Dashboard - Validate - Search filter on Help modal › Validate - Search filter on Help modal (1ms)
  ✘  209 [chromium] › tests/pushengage-regression/critical/dashboard/07-validate-search-filter-on-help-modal.spec.js:17:3 › CRITICAL - Dashboard - Validate - Search filter on Help modal › Validate - Search filter on Help modal (retry #1) (1ms)
  ✘  210 [chromium] › tests/pushengage-regression/critical/dashboard/07-validate-search-filter-on-help-modal.spec.js:17:3 › CRITICAL - Dashboard - Validate - Search filter on Help modal › Validate - Search filter on Help modal (retry #2) (1ms)
  ✘  211 [chromium] › tests/pushengage-regression/critical/dashboard/08-validate-help-articles.spec.js:17:3 › CRITICAL - Dashboard - Validate - Help articles › Validate - Help articles (1ms)
  ✘  212 [chromium] › tests/pushengage-regression/critical/dashboard/08-validate-help-articles.spec.js:17:3 › CRITICAL - Dashboard - Validate - Help articles › Validate - Help articles (retry #1) (2ms)
  ✘  213 [chromium] › tests/pushengage-regression/critical/dashboard/08-validate-help-articles.spec.js:17:3 › CRITICAL - Dashboard - Validate - Help articles › Validate - Help articles (retry #2) (1ms)
  ✘  214 [chromium] › tests/pushengage-regression/critical/dashboard/09-validate-view-documentation-modal.spec.js:17:3 › CRITICAL - Dashboard - Validate - View Documentation modal › Validate - View Documentation modal (1ms)
  ✘  215 [chromium] › tests/pushengage-regression/critical/dashboard/09-validate-view-documentation-modal.spec.js:17:3 › CRITICAL - Dashboard - Validate - View Documentation modal › Validate - View Documentation modal (retry #1) (2ms)
  ✘  216 [chromium] › tests/pushengage-regression/critical/dashboard/09-validate-view-documentation-modal.spec.js:17:3 › CRITICAL - Dashboard - Validate - View Documentation modal › Validate - View Documentation modal (retry #2) (1ms)
