
Running 6 tests using 1 worker, shard 1 of 10

  ✘  1 [chromium] › tests/pushengage-regression/critical/campaigns/01-validate-push-broadcast-page.spec.js:17:3 › CRITICAL - Campaigns - Validate- Push Broadcast page › Validate- Push Broadcast page (1ms)
  ✘  2 [chromium] › tests/pushengage-regression/critical/campaigns/01-validate-push-broadcast-page.spec.js:17:3 › CRITICAL - Campaigns - Validate- Push Broadcast page › Validate- Push Broadcast page (retry #1) (2ms)
  ✘  3 [chromium] › tests/pushengage-regression/critical/campaigns/01-validate-push-broadcast-page.spec.js:17:3 › CRITICAL - Campaigns - Validate- Push Broadcast page › Validate- Push Broadcast page (retry #2) (1ms)
  ✘  4 [chromium] › tests/pushengage-regression/critical/campaigns/02-validate-notification-icon.spec.js:17:3 › CRITICAL - Campaigns - Validate - Notification icon › Validate - Notification icon (3ms)
  ✘  5 [chromium] › tests/pushengage-regression/critical/campaigns/02-validate-notification-icon.spec.js:17:3 › CRITICAL - Campaigns - Validate - Notification icon › Validate - Notification icon (retry #1) (1ms)
  ✘  6 [chromium] › tests/pushengage-regression/critical/campaigns/02-validate-notification-icon.spec.js:17:3 › CRITICAL - Campaigns - Validate - Notification icon › Validate - Notification icon (retry #2) (1ms)
  ✘  7 [chromium] › tests/pushengage-regression/critical/campaigns/03-validate-help-link.spec.js:17:3 › CRITICAL - Campaigns - Validate - Help Link › Validate - Help Link (2ms)
  ✘  8 [chromium] › tests/pushengage-regression/critical/campaigns/03-validate-help-link.spec.js:17:3 › CRITICAL - Campaigns - Validate - Help Link › Validate - Help Link (retry #1) (2ms)
  ✘  9 [chromium] › tests/pushengage-regression/critical/campaigns/03-validate-help-link.spec.js:17:3 › CRITICAL - Campaigns - Validate - Help Link › Validate - Help Link (retry #2) (2ms)
  ✘  10 [chromium] › tests/pushengage-regression/critical/campaigns/04-validate-add-new.spec.js:17:3 › CRITICAL - Campaigns - Validate - Add new › Validate - Add new (1ms)
  ✘  11 [chromium] › tests/pushengage-regression/critical/campaigns/04-validate-add-new.spec.js:17:3 › CRITICAL - Campaigns - Validate - Add new › Validate - Add new (retry #1) (2ms)
  ✘  12 [chromium] › tests/pushengage-regression/critical/campaigns/04-validate-add-new.spec.js:17:3 › CRITICAL - Campaigns - Validate - Add new › Validate - Add new (retry #2) (1ms)
  ✘  13 [chromium] › tests/pushengage-regression/critical/campaigns/05-validate-add-new-content-page.spec.js:17:3 › CRITICAL - Campaigns - Validate - Add new - Content page › Validate - Add new - Content page (2ms)
  ✘  14 [chromium] › tests/pushengage-regression/critical/campaigns/05-validate-add-new-content-page.spec.js:17:3 › CRITICAL - Campaigns - Validate - Add new - Content page › Validate - Add new - Content page (retry #1) (2ms)
  ✘  15 [chromium] › tests/pushengage-regression/critical/campaigns/05-validate-add-new-content-page.spec.js:17:3 › CRITICAL - Campaigns - Validate - Add new - Content page › Validate - Add new - Content page (retry #2) (2ms)
  ✘  16 [chromium] › tests/pushengage-regression/critical/campaigns/06-validate-add-new-content-notification-fields.spec.js:17:3 › CRITICAL - Campaigns - Validate - Add new - Content - Notification fields › Validate - Add new - Content - Notification fields (3ms)
  ✘  17 [chromium] › tests/pushengage-regression/critical/campaigns/06-validate-add-new-content-notification-fields.spec.js:17:3 › CRITICAL - Campaigns - Validate - Add new - Content - Notification fields › Validate - Add new - Content - Notification fields (retry #1) (2ms)
  ✘  18 [chromium] › tests/pushengage-regression/critical/campaigns/06-validate-add-new-content-notification-fields.spec.js:17:3 › CRITICAL - Campaigns - Validate - Add new - Content - Notification fields › Validate - Add new - Content - Notification fields (retry #2) (2ms)


  1) [chromium] › tests/pushengage-regression/critical/campaigns/01-validate-push-broadcast-page.spec.js:17:3 › CRITICAL - Campaigns - Validate- Push Broadcast page › Validate- Push Broadcast page 

    Error: browserType.launch: Target page, context or browser has been closed
    Browser logs:

    <launching> /Applications/Google Chrome.app/Contents/MacOS/Google Chrome --disable-field-trial-config --disable-background-networking --disable-background-timer-throttling --disable-backgrounding-occluded-windows --disable-back-forward-cache --disable-breakpad --disable-client-side-phishing-detection --disable-component-extensions-with-background-pages --disable-component-update --no-default-browser-check --disable-default-apps --disable-dev-shm-usage --disable-extensions --disable-features=AvoidUnnecessaryBeforeUnloadCheckSync,BoundaryEventDispatchTracksNodeRemoval,DestroyProfileOnBrowserClose,DialMediaRouteProvider,GlobalMediaControls,HttpsUpgrades,LensOverlay,MediaRouter,PaintHolding,ThirdPartyStoragePartitioning,Translate,AutoDeElevate,RenderDocument,OptimizationHints --enable-features=CDPScreenshotNewSurface --allow-pre-commit-input --disable-hang-monitor --disable-ipc-flooding-protection --disable-popup-blocking --disable-prompt-on-repost --disable-renderer-backgrounding --force-color-profile=srgb --metrics-recording-only --no-first-run --password-store=basic --use-mock-keychain --no-service-autorun --export-tagged-pdf --disable-search-engine-choice-screen --unsafely-disable-devtools-self-xss-warnings --edge-skip-compat-layer-relaunch --enable-automation --disable-infobars --disable-search-engine-choice-screen --disable-sync --headless --hide-scrollbars --mute-audio --blink-settings=primaryHoverType=2,availableHoverTypes=2,primaryPointerType=4,availablePointerTypes=4 --no-sandbox --user-data-dir=/var/folders/lc/yzv1n_8s1fz036knfczr32f00000gn/T/playwright_chromiumdev_profile-339dmw --remote-debugging-pipe --no-startup-window
    <launched> pid=58825
    Call log:
    [2m  - <launching> /Applications/Google Chrome.app/Contents/MacOS/Google Chrome --disable-field-trial-config --disable-background-networking --disable-background-timer-throttling --disable-backgrounding-occluded-windows --disable-back-forward-cache --disable-breakpad --disable-client-side-phishing-detection --disable-component-extensions-with-background-pages --disable-component-update --no-default-browser-check --disable-default-apps --disable-dev-shm-usage --disable-extensions --disable-features=AvoidUnnecessaryBeforeUnloadCheckSync,BoundaryEventDispatchTracksNodeRemoval,DestroyProfileOnBrowserClose,DialMediaRouteProvider,GlobalMediaControls,HttpsUpgrades,LensOverlay,MediaRouter,PaintHolding,ThirdPartyStoragePartitioning,Translate,AutoDeElevate,RenderDocument,OptimizationHints --enable-features=CDPScreenshotNewSurface --allow-pre-commit-input --disable-hang-monitor --disable-ipc-flooding-protection --disable-popup-blocking --disable-prompt-on-repost --disable-renderer-backgrounding --force-color-profile=srgb --metrics-recording-only --no-first-run --password-store=basic --use-mock-keychain --no-service-autorun --export-tagged-pdf --disable-search-engine-choice-screen --unsafely-disable-devtools-self-xss-warnings --edge-skip-compat-layer-relaunch --enable-automation --disable-infobars --disable-search-engine-choice-screen --disable-sync --headless --hide-scrollbars --mute-audio --blink-settings=primaryHoverType=2,availableHoverTypes=2,primaryPointerType=4,availablePointerTypes=4 --no-sandbox --user-data-dir=/var/folders/lc/yzv1n_8s1fz036knfczr32f00000gn/T/playwright_chromiumdev_profile-339dmw --remote-debugging-pipe --no-startup-window[22m
    [2m  - <launched> pid=58825[22m
    [2m  - [pid=58825] <gracefully close start>[22m
    [2m  - [pid=58825] <kill>[22m
    [2m  - [pid=58825] <will force kill>[22m
    [2m  - [pid=58825] exception while trying to kill process: Error: kill EPERM[22m
    [2m  - [pid=58825] <process did exit: exitCode=null, signal=SIGABRT>[22m
    [2m  - [pid=58825] starting temporary directories cleanup[22m
    [2m  - [pid=58825] finished temporary directories cleanup[22m
    [2m  - [pid=58825] <gracefully close end>[22m


    Retry #1 ───────────────────────────────────────────────────────────────────────────────────────

    Error: browserType.launch: Target page, context or browser has been closed
    Browser logs:

    <launching> /Applications/Google Chrome.app/Contents/MacOS/Google Chrome --disable-field-trial-config --disable-background-networking --disable-background-timer-throttling --disable-backgrounding-occluded-windows --disable-back-forward-cache --disable-breakpad --disable-client-side-phishing-detection --disable-component-extensions-with-background-pages --disable-component-update --no-default-browser-check --disable-default-apps --disable-dev-shm-usage --disable-extensions --disable-features=AvoidUnnecessaryBeforeUnloadCheckSync,BoundaryEventDispatchTracksNodeRemoval,DestroyProfileOnBrowserClose,DialMediaRouteProvider,GlobalMediaControls,HttpsUpgrades,LensOverlay,MediaRouter,PaintHolding,ThirdPartyStoragePartitioning,Translate,AutoDeElevate,RenderDocument,OptimizationHints --enable-features=CDPScreenshotNewSurface --allow-pre-commit-input --disable-hang-monitor --disable-ipc-flooding-protection --disable-popup-blocking --disable-prompt-on-repost --disable-renderer-backgrounding --force-color-profile=srgb --metrics-recording-only --no-first-run --password-store=basic --use-mock-keychain --no-service-autorun --export-tagged-pdf --disable-search-engine-choice-screen --unsafely-disable-devtools-self-xss-warnings --edge-skip-compat-layer-relaunch --enable-automation --disable-infobars --disable-search-engine-choice-screen --disable-sync --headless --hide-scrollbars --mute-audio --blink-settings=primaryHoverType=2,availableHoverTypes=2,primaryPointerType=4,availablePointerTypes=4 --no-sandbox --user-data-dir=/var/folders/lc/yzv1n_8s1fz036knfczr32f00000gn/T/playwright_chromiumdev_profile-meCfl7 --remote-debugging-pipe --no-startup-window
    <launched> pid=58856
    [pid=58856] <process did exit: exitCode=null, signal=SIGABRT>
    [pid=58856] starting temporary directories cleanup
    Call log:
    [2m  - <launching> /Applications/Google Chrome.app/Contents/MacOS/Google Chrome --disable-field-trial-config --disable-background-networking --disable-background-timer-throttling --disable-backgrounding-occluded-windows --disable-back-forward-cache --disable-breakpad --disable-client-side-phishing-detection --disable-component-extensions-with-background-pages --disable-component-update --no-default-browser-check --disable-default-apps --disable-dev-shm-usage --disable-extensions --disable-features=AvoidUnnecessaryBeforeUnloadCheckSync,BoundaryEventDispatchTracksNodeRemoval,DestroyProfileOnBrowserClose,DialMediaRouteProvider,GlobalMediaControls,HttpsUpgrades,LensOverlay,MediaRouter,PaintHolding,ThirdPartyStoragePartitioning,Translate,AutoDeElevate,RenderDocument,OptimizationHints --enable-features=CDPScreenshotNewSurface --allow-pre-commit-input --disable-hang-monitor --disable-ipc-flooding-protection --disable-popup-blocking --disable-prompt-on-repost --disable-renderer-backgrounding --force-color-profile=srgb --metrics-recording-only --no-first-run --password-store=basic --use-mock-keychain --no-service-autorun --export-tagged-pdf --disable-search-engine-choice-screen --unsafely-disable-devtools-self-xss-warnings --edge-skip-compat-layer-relaunch --enable-automation --disable-infobars --disable-search-engine-choice-screen --disable-sync --headless --hide-scrollbars --mute-audio --blink-settings=primaryHoverType=2,availableHoverTypes=2,primaryPointerType=4,availablePointerTypes=4 --no-sandbox --user-data-dir=/var/folders/lc/yzv1n_8s1fz036knfczr32f00000gn/T/playwright_chromiumdev_profile-meCfl7 --remote-debugging-pipe --no-startup-window[22m
    [2m  - <launched> pid=58856[22m
    [2m  - [pid=58856] <process did exit: exitCode=null, signal=SIGABRT>[22m
    [2m  - [pid=58856] starting temporary directories cleanup[22m
    [2m  - [pid=58856] <gracefully close start>[22m
    [2m  - [pid=58856] <kill>[22m
    [2m  - [pid=58856] <skipped force kill spawnedProcess.killed=false processClosed=true>[22m
    [2m  - [pid=58856] finished temporary directories cleanup[22m
    [2m  - [pid=58856] <gracefully close end>[22m


    attachment #1: trace (application/zip) ─────────────────────────────────────────────────────────
    test-results/pushengage-regression-crit-62f33-lidate--Push-Broadcast-page-chromium-retry1/trace.zip
    Usage:

        npx playwright show-trace test-results/pushengage-regression-crit-62f33-lidate--Push-Broadcast-page-chromium-retry1/trace.zip

    ────────────────────────────────────────────────────────────────────────────────────────────────

    Retry #2 ───────────────────────────────────────────────────────────────────────────────────────

    Error: browserType.launch: Target page, context or browser has been closed
    Browser logs:

    <launching> /Applications/Google Chrome.app/Contents/MacOS/Google Chrome --disable-field-trial-config --disable-background-networking --disable-background-timer-throttling --disable-backgrounding-occluded-windows --disable-back-forward-cache --disable-breakpad --disable-client-side-phishing-detection --disable-component-extensions-with-background-pages --disable-component-update --no-default-browser-check --disable-default-apps --disable-dev-shm-usage --disable-extensions --disable-features=AvoidUnnecessaryBeforeUnloadCheckSync,BoundaryEventDispatchTracksNodeRemoval,DestroyProfileOnBrowserClose,DialMediaRouteProvider,GlobalMediaControls,HttpsUpgrades,LensOverlay,MediaRouter,PaintHolding,ThirdPartyStoragePartitioning,Translate,AutoDeElevate,RenderDocument,OptimizationHints --enable-features=CDPScreenshotNewSurface --allow-pre-commit-input --disable-hang-monitor --disable-ipc-flooding-protection --disable-popup-blocking --disable-prompt-on-repost --disable-renderer-backgrounding --force-color-profile=srgb --metrics-recording-only --no-first-run --password-store=basic --use-mock-keychain --no-service-autorun --export-tagged-pdf --disable-search-engine-choice-screen --unsafely-disable-devtools-self-xss-warnings --edge-skip-compat-layer-relaunch --enable-automation --disable-infobars --disable-search-engine-choice-screen --disable-sync --headless --hide-scrollbars --mute-audio --blink-settings=primaryHoverType=2,availableHoverTypes=2,primaryPointerType=4,availablePointerTypes=4 --no-sandbox --user-data-dir=/var/folders/lc/yzv1n_8s1fz036knfczr32f00000gn/T/playwright_chromiumdev_profile-U7utXT --remote-debugging-pipe --no-startup-window
    <launched> pid=58882
    Call log:
    [2m  - <launching> /Applications/Google Chrome.app/Contents/MacOS/Google Chrome --disable-field-trial-config --disable-background-networking --disable-background-timer-throttling --disable-backgrounding-occluded-windows --disable-back-forward-cache --disable-breakpad --disable-client-side-phishing-detection --disable-component-extensions-with-background-pages --disable-component-update --no-default-browser-check --disable-default-apps --disable-dev-shm-usage --disable-extensions --disable-features=AvoidUnnecessaryBeforeUnloadCheckSync,BoundaryEventDispatchTracksNodeRemoval,DestroyProfileOnBrowserClose,DialMediaRouteProvider,GlobalMediaControls,HttpsUpgrades,LensOverlay,MediaRouter,PaintHolding,ThirdPartyStoragePartitioning,Translate,AutoDeElevate,RenderDocument,OptimizationHints --enable-features=CDPScreenshotNewSurface --allow-pre-commit-input --disable-hang-monitor --disable-ipc-flooding-protection --disable-popup-blocking --disable-prompt-on-repost --disable-renderer-backgrounding --force-color-profile=srgb --metrics-recording-only --no-first-run --password-store=basic --use-mock-keychain --no-service-autorun --export-tagged-pdf --disable-search-engine-choice-screen --unsafely-disable-devtools-self-xss-warnings --edge-skip-compat-layer-relaunch --enable-automation --disable-infobars --disable-search-engine-choice-screen --disable-sync --headless --hide-scrollbars --mute-audio --blink-settings=primaryHoverType=2,availableHoverTypes=2,primaryPointerType=4,availablePointerTypes=4 --no-sandbox --user-data-dir=/var/folders/lc/yzv1n_8s1fz036knfczr32f00000gn/T/playwright_chromiumdev_profile-U7utXT --remote-debugging-pipe --no-startup-window[22m
    [2m  - <launched> pid=58882[22m
    [2m  - [pid=58882] <gracefully close start>[22m
    [2m  - [pid=58882] <kill>[22m
    [2m  - [pid=58882] <will force kill>[22m
    [2m  - [pid=58882] exception while trying to kill process: Error: kill EPERM[22m
    [2m  - [pid=58882] <process did exit: exitCode=null, signal=SIGABRT>[22m
    [2m  - [pid=58882] starting temporary directories cleanup[22m
    [2m  - [pid=58882] finished temporary directories cleanup[22m
    [2m  - [pid=58882] <gracefully close end>[22m


  2) [chromium] › tests/pushengage-regression/critical/campaigns/02-validate-notification-icon.spec.js:17:3 › CRITICAL - Campaigns - Validate - Notification icon › Validate - Notification icon 

    Error: browserType.launch: Target page, context or browser has been closed
    Browser logs:

    <launching> /Applications/Google Chrome.app/Contents/MacOS/Google Chrome --disable-field-trial-config --disable-background-networking --disable-background-timer-throttling --disable-backgrounding-occluded-windows --disable-back-forward-cache --disable-breakpad --disable-client-side-phishing-detection --disable-component-extensions-with-background-pages --disable-component-update --no-default-browser-check --disable-default-apps --disable-dev-shm-usage --disable-extensions --disable-features=AvoidUnnecessaryBeforeUnloadCheckSync,BoundaryEventDispatchTracksNodeRemoval,DestroyProfileOnBrowserClose,DialMediaRouteProvider,GlobalMediaControls,HttpsUpgrades,LensOverlay,MediaRouter,PaintHolding,ThirdPartyStoragePartitioning,Translate,AutoDeElevate,RenderDocument,OptimizationHints --enable-features=CDPScreenshotNewSurface --allow-pre-commit-input --disable-hang-monitor --disable-ipc-flooding-protection --disable-popup-blocking --disable-prompt-on-repost --disable-renderer-backgrounding --force-color-profile=srgb --metrics-recording-only --no-first-run --password-store=basic --use-mock-keychain --no-service-autorun --export-tagged-pdf --disable-search-engine-choice-screen --unsafely-disable-devtools-self-xss-warnings --edge-skip-compat-layer-relaunch --enable-automation --disable-infobars --disable-search-engine-choice-screen --disable-sync --headless --hide-scrollbars --mute-audio --blink-settings=primaryHoverType=2,availableHoverTypes=2,primaryPointerType=4,availablePointerTypes=4 --no-sandbox --user-data-dir=/var/folders/lc/yzv1n_8s1fz036knfczr32f00000gn/T/playwright_chromiumdev_profile-oa7ApO --remote-debugging-pipe --no-startup-window
    <launched> pid=58910
    Call log:
    [2m  - <launching> /Applications/Google Chrome.app/Contents/MacOS/Google Chrome --disable-field-trial-config --disable-background-networking --disable-background-timer-throttling --disable-backgrounding-occluded-windows --disable-back-forward-cache --disable-breakpad --disable-client-side-phishing-detection --disable-component-extensions-with-background-pages --disable-component-update --no-default-browser-check --disable-default-apps --disable-dev-shm-usage --disable-extensions --disable-features=AvoidUnnecessaryBeforeUnloadCheckSync,BoundaryEventDispatchTracksNodeRemoval,DestroyProfileOnBrowserClose,DialMediaRouteProvider,GlobalMediaControls,HttpsUpgrades,LensOverlay,MediaRouter,PaintHolding,ThirdPartyStoragePartitioning,Translate,AutoDeElevate,RenderDocument,OptimizationHints --enable-features=CDPScreenshotNewSurface --allow-pre-commit-input --disable-hang-monitor --disable-ipc-flooding-protection --disable-popup-blocking --disable-prompt-on-repost --disable-renderer-backgrounding --force-color-profile=srgb --metrics-recording-only --no-first-run --password-store=basic --use-mock-keychain --no-service-autorun --export-tagged-pdf --disable-search-engine-choice-screen --unsafely-disable-devtools-self-xss-warnings --edge-skip-compat-layer-relaunch --enable-automation --disable-infobars --disable-search-engine-choice-screen --disable-sync --headless --hide-scrollbars --mute-audio --blink-settings=primaryHoverType=2,availableHoverTypes=2,primaryPointerType=4,availablePointerTypes=4 --no-sandbox --user-data-dir=/var/folders/lc/yzv1n_8s1fz036knfczr32f00000gn/T/playwright_chromiumdev_profile-oa7ApO --remote-debugging-pipe --no-startup-window[22m
    [2m  - <launched> pid=58910[22m
    [2m  - [pid=58910] <gracefully close start>[22m
    [2m  - [pid=58910] <kill>[22m
    [2m  - [pid=58910] <will force kill>[22m
    [2m  - [pid=58910] exception while trying to kill process: Error: kill EPERM[22m
    [2m  - [pid=58910] <process did exit: exitCode=null, signal=SIGABRT>[22m
    [2m  - [pid=58910] starting temporary directories cleanup[22m
    [2m  - [pid=58910] finished temporary directories cleanup[22m
    [2m  - [pid=58910] <gracefully close end>[22m


    Retry #1 ───────────────────────────────────────────────────────────────────────────────────────

    Error: browserType.launch: Target page, context or browser has been closed
    Browser logs:

    <launching> /Applications/Google Chrome.app/Contents/MacOS/Google Chrome --disable-field-trial-config --disable-background-networking --disable-background-timer-throttling --disable-backgrounding-occluded-windows --disable-back-forward-cache --disable-breakpad --disable-client-side-phishing-detection --disable-component-extensions-with-background-pages --disable-component-update --no-default-browser-check --disable-default-apps --disable-dev-shm-usage --disable-extensions --disable-features=AvoidUnnecessaryBeforeUnloadCheckSync,BoundaryEventDispatchTracksNodeRemoval,DestroyProfileOnBrowserClose,DialMediaRouteProvider,GlobalMediaControls,HttpsUpgrades,LensOverlay,MediaRouter,PaintHolding,ThirdPartyStoragePartitioning,Translate,AutoDeElevate,RenderDocument,OptimizationHints --enable-features=CDPScreenshotNewSurface --allow-pre-commit-input --disable-hang-monitor --disable-ipc-flooding-protection --disable-popup-blocking --disable-prompt-on-repost --disable-renderer-backgrounding --force-color-profile=srgb --metrics-recording-only --no-first-run --password-store=basic --use-mock-keychain --no-service-autorun --export-tagged-pdf --disable-search-engine-choice-screen --unsafely-disable-devtools-self-xss-warnings --edge-skip-compat-layer-relaunch --enable-automation --disable-infobars --disable-search-engine-choice-screen --disable-sync --headless --hide-scrollbars --mute-audio --blink-settings=primaryHoverType=2,availableHoverTypes=2,primaryPointerType=4,availablePointerTypes=4 --no-sandbox --user-data-dir=/var/folders/lc/yzv1n_8s1fz036knfczr32f00000gn/T/playwright_chromiumdev_profile-fsVaaX --remote-debugging-pipe --no-startup-window
    <launched> pid=58938
    Call log:
    [2m  - <launching> /Applications/Google Chrome.app/Contents/MacOS/Google Chrome --disable-field-trial-config --disable-background-networking --disable-background-timer-throttling --disable-backgrounding-occluded-windows --disable-back-forward-cache --disable-breakpad --disable-client-side-phishing-detection --disable-component-extensions-with-background-pages --disable-component-update --no-default-browser-check --disable-default-apps --disable-dev-shm-usage --disable-extensions --disable-features=AvoidUnnecessaryBeforeUnloadCheckSync,BoundaryEventDispatchTracksNodeRemoval,DestroyProfileOnBrowserClose,DialMediaRouteProvider,GlobalMediaControls,HttpsUpgrades,LensOverlay,MediaRouter,PaintHolding,ThirdPartyStoragePartitioning,Translate,AutoDeElevate,RenderDocument,OptimizationHints --enable-features=CDPScreenshotNewSurface --allow-pre-commit-input --disable-hang-monitor --disable-ipc-flooding-protection --disable-popup-blocking --disable-prompt-on-repost --disable-renderer-backgrounding --force-color-profile=srgb --metrics-recording-only --no-first-run --password-store=basic --use-mock-keychain --no-service-autorun --export-tagged-pdf --disable-search-engine-choice-screen --unsafely-disable-devtools-self-xss-warnings --edge-skip-compat-layer-relaunch --enable-automation --disable-infobars --disable-search-engine-choice-screen --disable-sync --headless --hide-scrollbars --mute-audio --blink-settings=primaryHoverType=2,availableHoverTypes=2,primaryPointerType=4,availablePointerTypes=4 --no-sandbox --user-data-dir=/var/folders/lc/yzv1n_8s1fz036knfczr32f00000gn/T/playwright_chromiumdev_profile-fsVaaX --remote-debugging-pipe --no-startup-window[22m
    [2m  - <launched> pid=58938[22m
    [2m  - [pid=58938] <gracefully close start>[22m
    [2m  - [pid=58938] <kill>[22m
    [2m  - [pid=58938] <will force kill>[22m
    [2m  - [pid=58938] exception while trying to kill process: Error: kill EPERM[22m
    [2m  - [pid=58938] <process did exit: exitCode=null, signal=SIGABRT>[22m
    [2m  - [pid=58938] starting temporary directories cleanup[22m
    [2m  - [pid=58938] finished temporary directories cleanup[22m
    [2m  - [pid=58938] <gracefully close end>[22m


    attachment #1: trace (application/zip) ─────────────────────────────────────────────────────────
    test-results/pushengage-regression-crit-94616-alidate---Notification-icon-chromium-retry1/trace.zip
    Usage:

        npx playwright show-trace test-results/pushengage-regression-crit-94616-alidate---Notification-icon-chromium-retry1/trace.zip

    ────────────────────────────────────────────────────────────────────────────────────────────────

    Retry #2 ───────────────────────────────────────────────────────────────────────────────────────

    Error: browserType.launch: Target page, context or browser has been closed
    Browser logs:

    <launching> /Applications/Google Chrome.app/Contents/MacOS/Google Chrome --disable-field-trial-config --disable-background-networking --disable-background-timer-throttling --disable-backgrounding-occluded-windows --disable-back-forward-cache --disable-breakpad --disable-client-side-phishing-detection --disable-component-extensions-with-background-pages --disable-component-update --no-default-browser-check --disable-default-apps --disable-dev-shm-usage --disable-extensions --disable-features=AvoidUnnecessaryBeforeUnloadCheckSync,BoundaryEventDispatchTracksNodeRemoval,DestroyProfileOnBrowserClose,DialMediaRouteProvider,GlobalMediaControls,HttpsUpgrades,LensOverlay,MediaRouter,PaintHolding,ThirdPartyStoragePartitioning,Translate,AutoDeElevate,RenderDocument,OptimizationHints --enable-features=CDPScreenshotNewSurface --allow-pre-commit-input --disable-hang-monitor --disable-ipc-flooding-protection --disable-popup-blocking --disable-prompt-on-repost --disable-renderer-backgrounding --force-color-profile=srgb --metrics-recording-only --no-first-run --password-store=basic --use-mock-keychain --no-service-autorun --export-tagged-pdf --disable-search-engine-choice-screen --unsafely-disable-devtools-self-xss-warnings --edge-skip-compat-layer-relaunch --enable-automation --disable-infobars --disable-search-engine-choice-screen --disable-sync --headless --hide-scrollbars --mute-audio --blink-settings=primaryHoverType=2,availableHoverTypes=2,primaryPointerType=4,availablePointerTypes=4 --no-sandbox --user-data-dir=/var/folders/lc/yzv1n_8s1fz036knfczr32f00000gn/T/playwright_chromiumdev_profile-xUaQEt --remote-debugging-pipe --no-startup-window
    <launched> pid=58964
    Call log:
    [2m  - <launching> /Applications/Google Chrome.app/Contents/MacOS/Google Chrome --disable-field-trial-config --disable-background-networking --disable-background-timer-throttling --disable-backgrounding-occluded-windows --disable-back-forward-cache --disable-breakpad --disable-client-side-phishing-detection --disable-component-extensions-with-background-pages --disable-component-update --no-default-browser-check --disable-default-apps --disable-dev-shm-usage --disable-extensions --disable-features=AvoidUnnecessaryBeforeUnloadCheckSync,BoundaryEventDispatchTracksNodeRemoval,DestroyProfileOnBrowserClose,DialMediaRouteProvider,GlobalMediaControls,HttpsUpgrades,LensOverlay,MediaRouter,PaintHolding,ThirdPartyStoragePartitioning,Translate,AutoDeElevate,RenderDocument,OptimizationHints --enable-features=CDPScreenshotNewSurface --allow-pre-commit-input --disable-hang-monitor --disable-ipc-flooding-protection --disable-popup-blocking --disable-prompt-on-repost --disable-renderer-backgrounding --force-color-profile=srgb --metrics-recording-only --no-first-run --password-store=basic --use-mock-keychain --no-service-autorun --export-tagged-pdf --disable-search-engine-choice-screen --unsafely-disable-devtools-self-xss-warnings --edge-skip-compat-layer-relaunch --enable-automation --disable-infobars --disable-search-engine-choice-screen --disable-sync --headless --hide-scrollbars --mute-audio --blink-settings=primaryHoverType=2,availableHoverTypes=2,primaryPointerType=4,availablePointerTypes=4 --no-sandbox --user-data-dir=/var/folders/lc/yzv1n_8s1fz036knfczr32f00000gn/T/playwright_chromiumdev_profile-xUaQEt --remote-debugging-pipe --no-startup-window[22m
    [2m  - <launched> pid=58964[22m
    [2m  - [pid=58964] <gracefully close start>[22m
    [2m  - [pid=58964] <kill>[22m
    [2m  - [pid=58964] <will force kill>[22m
    [2m  - [pid=58964] exception while trying to kill process: Error: kill EPERM[22m
    [2m  - [pid=58964] <process did exit: exitCode=null, signal=SIGABRT>[22m
    [2m  - [pid=58964] starting temporary directories cleanup[22m
    [2m  - [pid=58964] finished temporary directories cleanup[22m
    [2m  - [pid=58964] <gracefully close end>[22m


  3) [chromium] › tests/pushengage-regression/critical/campaigns/03-validate-help-link.spec.js:17:3 › CRITICAL - Campaigns - Validate - Help Link › Validate - Help Link 

    Error: browserType.launch: Target page, context or browser has been closed
    Browser logs:

    <launching> /Applications/Google Chrome.app/Contents/MacOS/Google Chrome --disable-field-trial-config --disable-background-networking --disable-background-timer-throttling --disable-backgrounding-occluded-windows --disable-back-forward-cache --disable-breakpad --disable-client-side-phishing-detection --disable-component-extensions-with-background-pages --disable-component-update --no-default-browser-check --disable-default-apps --disable-dev-shm-usage --disable-extensions --disable-features=AvoidUnnecessaryBeforeUnloadCheckSync,BoundaryEventDispatchTracksNodeRemoval,DestroyProfileOnBrowserClose,DialMediaRouteProvider,GlobalMediaControls,HttpsUpgrades,LensOverlay,MediaRouter,PaintHolding,ThirdPartyStoragePartitioning,Translate,AutoDeElevate,RenderDocument,OptimizationHints --enable-features=CDPScreenshotNewSurface --allow-pre-commit-input --disable-hang-monitor --disable-ipc-flooding-protection --disable-popup-blocking --disable-prompt-on-repost --disable-renderer-backgrounding --force-color-profile=srgb --metrics-recording-only --no-first-run --password-store=basic --use-mock-keychain --no-service-autorun --export-tagged-pdf --disable-search-engine-choice-screen --unsafely-disable-devtools-self-xss-warnings --edge-skip-compat-layer-relaunch --enable-automation --disable-infobars --disable-search-engine-choice-screen --disable-sync --headless --hide-scrollbars --mute-audio --blink-settings=primaryHoverType=2,availableHoverTypes=2,primaryPointerType=4,availablePointerTypes=4 --no-sandbox --user-data-dir=/var/folders/lc/yzv1n_8s1fz036knfczr32f00000gn/T/playwright_chromiumdev_profile-iHUm1l --remote-debugging-pipe --no-startup-window
    <launched> pid=58991
    Call log:
    [2m  - <launching> /Applications/Google Chrome.app/Contents/MacOS/Google Chrome --disable-field-trial-config --disable-background-networking --disable-background-timer-throttling --disable-backgrounding-occluded-windows --disable-back-forward-cache --disable-breakpad --disable-client-side-phishing-detection --disable-component-extensions-with-background-pages --disable-component-update --no-default-browser-check --disable-default-apps --disable-dev-shm-usage --disable-extensions --disable-features=AvoidUnnecessaryBeforeUnloadCheckSync,BoundaryEventDispatchTracksNodeRemoval,DestroyProfileOnBrowserClose,DialMediaRouteProvider,GlobalMediaControls,HttpsUpgrades,LensOverlay,MediaRouter,PaintHolding,ThirdPartyStoragePartitioning,Translate,AutoDeElevate,RenderDocument,OptimizationHints --enable-features=CDPScreenshotNewSurface --allow-pre-commit-input --disable-hang-monitor --disable-ipc-flooding-protection --disable-popup-blocking --disable-prompt-on-repost --disable-renderer-backgrounding --force-color-profile=srgb --metrics-recording-only --no-first-run --password-store=basic --use-mock-keychain --no-service-autorun --export-tagged-pdf --disable-search-engine-choice-screen --unsafely-disable-devtools-self-xss-warnings --edge-skip-compat-layer-relaunch --enable-automation --disable-infobars --disable-search-engine-choice-screen --disable-sync --headless --hide-scrollbars --mute-audio --blink-settings=primaryHoverType=2,availableHoverTypes=2,primaryPointerType=4,availablePointerTypes=4 --no-sandbox --user-data-dir=/var/folders/lc/yzv1n_8s1fz036knfczr32f00000gn/T/playwright_chromiumdev_profile-iHUm1l --remote-debugging-pipe --no-startup-window[22m
    [2m  - <launched> pid=58991[22m
    [2m  - [pid=58991] <gracefully close start>[22m
    [2m  - [pid=58991] <kill>[22m
    [2m  - [pid=58991] <will force kill>[22m
    [2m  - [pid=58991] exception while trying to kill process: Error: kill EPERM[22m
    [2m  - [pid=58991] <process did exit: exitCode=null, signal=SIGABRT>[22m
    [2m  - [pid=58991] starting temporary directories cleanup[22m
    [2m  - [pid=58991] finished temporary directories cleanup[22m
    [2m  - [pid=58991] <gracefully close end>[22m


    Retry #1 ───────────────────────────────────────────────────────────────────────────────────────

    Error: browserType.launch: Target page, context or browser has been closed
    Browser logs:

    <launching> /Applications/Google Chrome.app/Contents/MacOS/Google Chrome --disable-field-trial-config --disable-background-networking --disable-background-timer-throttling --disable-backgrounding-occluded-windows --disable-back-forward-cache --disable-breakpad --disable-client-side-phishing-detection --disable-component-extensions-with-background-pages --disable-component-update --no-default-browser-check --disable-default-apps --disable-dev-shm-usage --disable-extensions --disable-features=AvoidUnnecessaryBeforeUnloadCheckSync,BoundaryEventDispatchTracksNodeRemoval,DestroyProfileOnBrowserClose,DialMediaRouteProvider,GlobalMediaControls,HttpsUpgrades,LensOverlay,MediaRouter,PaintHolding,ThirdPartyStoragePartitioning,Translate,AutoDeElevate,RenderDocument,OptimizationHints --enable-features=CDPScreenshotNewSurface --allow-pre-commit-input --disable-hang-monitor --disable-ipc-flooding-protection --disable-popup-blocking --disable-prompt-on-repost --disable-renderer-backgrounding --force-color-profile=srgb --metrics-recording-only --no-first-run --password-store=basic --use-mock-keychain --no-service-autorun --export-tagged-pdf --disable-search-engine-choice-screen --unsafely-disable-devtools-self-xss-warnings --edge-skip-compat-layer-relaunch --enable-automation --disable-infobars --disable-search-engine-choice-screen --disable-sync --headless --hide-scrollbars --mute-audio --blink-settings=primaryHoverType=2,availableHoverTypes=2,primaryPointerType=4,availablePointerTypes=4 --no-sandbox --user-data-dir=/var/folders/lc/yzv1n_8s1fz036knfczr32f00000gn/T/playwright_chromiumdev_profile-o2J3YV --remote-debugging-pipe --no-startup-window
    <launched> pid=59022
    Call log:
    [2m  - <launching> /Applications/Google Chrome.app/Contents/MacOS/Google Chrome --disable-field-trial-config --disable-background-networking --disable-background-timer-throttling --disable-backgrounding-occluded-windows --disable-back-forward-cache --disable-breakpad --disable-client-side-phishing-detection --disable-component-extensions-with-background-pages --disable-component-update --no-default-browser-check --disable-default-apps --disable-dev-shm-usage --disable-extensions --disable-features=AvoidUnnecessaryBeforeUnloadCheckSync,BoundaryEventDispatchTracksNodeRemoval,DestroyProfileOnBrowserClose,DialMediaRouteProvider,GlobalMediaControls,HttpsUpgrades,LensOverlay,MediaRouter,PaintHolding,ThirdPartyStoragePartitioning,Translate,AutoDeElevate,RenderDocument,OptimizationHints --enable-features=CDPScreenshotNewSurface --allow-pre-commit-input --disable-hang-monitor --disable-ipc-flooding-protection --disable-popup-blocking --disable-prompt-on-repost --disable-renderer-backgrounding --force-color-profile=srgb --metrics-recording-only --no-first-run --password-store=basic --use-mock-keychain --no-service-autorun --export-tagged-pdf --disable-search-engine-choice-screen --unsafely-disable-devtools-self-xss-warnings --edge-skip-compat-layer-relaunch --enable-automation --disable-infobars --disable-search-engine-choice-screen --disable-sync --headless --hide-scrollbars --mute-audio --blink-settings=primaryHoverType=2,availableHoverTypes=2,primaryPointerType=4,availablePointerTypes=4 --no-sandbox --user-data-dir=/var/folders/lc/yzv1n_8s1fz036knfczr32f00000gn/T/playwright_chromiumdev_profile-o2J3YV --remote-debugging-pipe --no-startup-window[22m
    [2m  - <launched> pid=59022[22m
    [2m  - [pid=59022] <gracefully close start>[22m
    [2m  - [pid=59022] <kill>[22m
    [2m  - [pid=59022] <will force kill>[22m
    [2m  - [pid=59022] exception while trying to kill process: Error: kill EPERM[22m
    [2m  - [pid=59022] <process did exit: exitCode=null, signal=SIGABRT>[22m
    [2m  - [pid=59022] starting temporary directories cleanup[22m
    [2m  - [pid=59022] finished temporary directories cleanup[22m
    [2m  - [pid=59022] <gracefully close end>[22m


    attachment #1: trace (application/zip) ─────────────────────────────────────────────────────────
    test-results/pushengage-regression-crit-00b08-p-Link-Validate---Help-Link-chromium-retry1/trace.zip
    Usage:

        npx playwright show-trace test-results/pushengage-regression-crit-00b08-p-Link-Validate---Help-Link-chromium-retry1/trace.zip

    ────────────────────────────────────────────────────────────────────────────────────────────────

    Retry #2 ───────────────────────────────────────────────────────────────────────────────────────

    Error: browserType.launch: Target page, context or browser has been closed
    Browser logs:

    <launching> /Applications/Google Chrome.app/Contents/MacOS/Google Chrome --disable-field-trial-config --disable-background-networking --disable-background-timer-throttling --disable-backgrounding-occluded-windows --disable-back-forward-cache --disable-breakpad --disable-client-side-phishing-detection --disable-component-extensions-with-background-pages --disable-component-update --no-default-browser-check --disable-default-apps --disable-dev-shm-usage --disable-extensions --disable-features=AvoidUnnecessaryBeforeUnloadCheckSync,BoundaryEventDispatchTracksNodeRemoval,DestroyProfileOnBrowserClose,DialMediaRouteProvider,GlobalMediaControls,HttpsUpgrades,LensOverlay,MediaRouter,PaintHolding,ThirdPartyStoragePartitioning,Translate,AutoDeElevate,RenderDocument,OptimizationHints --enable-features=CDPScreenshotNewSurface --allow-pre-commit-input --disable-hang-monitor --disable-ipc-flooding-protection --disable-popup-blocking --disable-prompt-on-repost --disable-renderer-backgrounding --force-color-profile=srgb --metrics-recording-only --no-first-run --password-store=basic --use-mock-keychain --no-service-autorun --export-tagged-pdf --disable-search-engine-choice-screen --unsafely-disable-devtools-self-xss-warnings --edge-skip-compat-layer-relaunch --enable-automation --disable-infobars --disable-search-engine-choice-screen --disable-sync --headless --hide-scrollbars --mute-audio --blink-settings=primaryHoverType=2,availableHoverTypes=2,primaryPointerType=4,availablePointerTypes=4 --no-sandbox --user-data-dir=/var/folders/lc/yzv1n_8s1fz036knfczr32f00000gn/T/playwright_chromiumdev_profile-yvLpN7 --remote-debugging-pipe --no-startup-window
    <launched> pid=59048
    [pid=59048] <process did exit: exitCode=null, signal=SIGABRT>
    [pid=59048] starting temporary directories cleanup
    Call log:
    [2m  - <launching> /Applications/Google Chrome.app/Contents/MacOS/Google Chrome --disable-field-trial-config --disable-background-networking --disable-background-timer-throttling --disable-backgrounding-occluded-windows --disable-back-forward-cache --disable-breakpad --disable-client-side-phishing-detection --disable-component-extensions-with-background-pages --disable-component-update --no-default-browser-check --disable-default-apps --disable-dev-shm-usage --disable-extensions --disable-features=AvoidUnnecessaryBeforeUnloadCheckSync,BoundaryEventDispatchTracksNodeRemoval,DestroyProfileOnBrowserClose,DialMediaRouteProvider,GlobalMediaControls,HttpsUpgrades,LensOverlay,MediaRouter,PaintHolding,ThirdPartyStoragePartitioning,Translate,AutoDeElevate,RenderDocument,OptimizationHints --enable-features=CDPScreenshotNewSurface --allow-pre-commit-input --disable-hang-monitor --disable-ipc-flooding-protection --disable-popup-blocking --disable-prompt-on-repost --disable-renderer-backgrounding --force-color-profile=srgb --metrics-recording-only --no-first-run --password-store=basic --use-mock-keychain --no-service-autorun --export-tagged-pdf --disable-search-engine-choice-screen --unsafely-disable-devtools-self-xss-warnings --edge-skip-compat-layer-relaunch --enable-automation --disable-infobars --disable-search-engine-choice-screen --disable-sync --headless --hide-scrollbars --mute-audio --blink-settings=primaryHoverType=2,availableHoverTypes=2,primaryPointerType=4,availablePointerTypes=4 --no-sandbox --user-data-dir=/var/folders/lc/yzv1n_8s1fz036knfczr32f00000gn/T/playwright_chromiumdev_profile-yvLpN7 --remote-debugging-pipe --no-startup-window[22m
    [2m  - <launched> pid=59048[22m
    [2m  - [pid=59048] <process did exit: exitCode=null, signal=SIGABRT>[22m
    [2m  - [pid=59048] starting temporary directories cleanup[22m
    [2m  - [pid=59048] <gracefully close start>[22m
    [2m  - [pid=59048] <kill>[22m
    [2m  - [pid=59048] <skipped force kill spawnedProcess.killed=false processClosed=true>[22m
    [2m  - [pid=59048] finished temporary directories cleanup[22m
    [2m  - [pid=59048] <gracefully close end>[22m


  4) [chromium] › tests/pushengage-regression/critical/campaigns/04-validate-add-new.spec.js:17:3 › CRITICAL - Campaigns - Validate - Add new › Validate - Add new 

    Error: browserType.launch: Target page, context or browser has been closed
    Browser logs:

    <launching> /Applications/Google Chrome.app/Contents/MacOS/Google Chrome --disable-field-trial-config --disable-background-networking --disable-background-timer-throttling --disable-backgrounding-occluded-windows --disable-back-forward-cache --disable-breakpad --disable-client-side-phishing-detection --disable-component-extensions-with-background-pages --disable-component-update --no-default-browser-check --disable-default-apps --disable-dev-shm-usage --disable-extensions --disable-features=AvoidUnnecessaryBeforeUnloadCheckSync,BoundaryEventDispatchTracksNodeRemoval,DestroyProfileOnBrowserClose,DialMediaRouteProvider,GlobalMediaControls,HttpsUpgrades,LensOverlay,MediaRouter,PaintHolding,ThirdPartyStoragePartitioning,Translate,AutoDeElevate,RenderDocument,OptimizationHints --enable-features=CDPScreenshotNewSurface --allow-pre-commit-input --disable-hang-monitor --disable-ipc-flooding-protection --disable-popup-blocking --disable-prompt-on-repost --disable-renderer-backgrounding --force-color-profile=srgb --metrics-recording-only --no-first-run --password-store=basic --use-mock-keychain --no-service-autorun --export-tagged-pdf --disable-search-engine-choice-screen --unsafely-disable-devtools-self-xss-warnings --edge-skip-compat-layer-relaunch --enable-automation --disable-infobars --disable-search-engine-choice-screen --disable-sync --headless --hide-scrollbars --mute-audio --blink-settings=primaryHoverType=2,availableHoverTypes=2,primaryPointerType=4,availablePointerTypes=4 --no-sandbox --user-data-dir=/var/folders/lc/yzv1n_8s1fz036knfczr32f00000gn/T/playwright_chromiumdev_profile-sj7d0C --remote-debugging-pipe --no-startup-window
    <launched> pid=59069
    Call log:
    [2m  - <launching> /Applications/Google Chrome.app/Contents/MacOS/Google Chrome --disable-field-trial-config --disable-background-networking --disable-background-timer-throttling --disable-backgrounding-occluded-windows --disable-back-forward-cache --disable-breakpad --disable-client-side-phishing-detection --disable-component-extensions-with-background-pages --disable-component-update --no-default-browser-check --disable-default-apps --disable-dev-shm-usage --disable-extensions --disable-features=AvoidUnnecessaryBeforeUnloadCheckSync,BoundaryEventDispatchTracksNodeRemoval,DestroyProfileOnBrowserClose,DialMediaRouteProvider,GlobalMediaControls,HttpsUpgrades,LensOverlay,MediaRouter,PaintHolding,ThirdPartyStoragePartitioning,Translate,AutoDeElevate,RenderDocument,OptimizationHints --enable-features=CDPScreenshotNewSurface --allow-pre-commit-input --disable-hang-monitor --disable-ipc-flooding-protection --disable-popup-blocking --disable-prompt-on-repost --disable-renderer-backgrounding --force-color-profile=srgb --metrics-recording-only --no-first-run --password-store=basic --use-mock-keychain --no-service-autorun --export-tagged-pdf --disable-search-engine-choice-screen --unsafely-disable-devtools-self-xss-warnings --edge-skip-compat-layer-relaunch --enable-automation --disable-infobars --disable-search-engine-choice-screen --disable-sync --headless --hide-scrollbars --mute-audio --blink-settings=primaryHoverType=2,availableHoverTypes=2,primaryPointerType=4,availablePointerTypes=4 --no-sandbox --user-data-dir=/var/folders/lc/yzv1n_8s1fz036knfczr32f00000gn/T/playwright_chromiumdev_profile-sj7d0C --remote-debugging-pipe --no-startup-window[22m
    [2m  - <launched> pid=59069[22m
    [2m  - [pid=59069] <gracefully close start>[22m
    [2m  - [pid=59069] <kill>[22m
    [2m  - [pid=59069] <will force kill>[22m
    [2m  - [pid=59069] exception while trying to kill process: Error: kill EPERM[22m
    [2m  - [pid=59069] <process did exit: exitCode=null, signal=SIGABRT>[22m
    [2m  - [pid=59069] starting temporary directories cleanup[22m
    [2m  - [pid=59069] finished temporary directories cleanup[22m
    [2m  - [pid=59069] <gracefully close end>[22m


    Retry #1 ───────────────────────────────────────────────────────────────────────────────────────

    Error: browserType.launch: Target page, context or browser has been closed
    Browser logs:

    <launching> /Applications/Google Chrome.app/Contents/MacOS/Google Chrome --disable-field-trial-config --disable-background-networking --disable-background-timer-throttling --disable-backgrounding-occluded-windows --disable-back-forward-cache --disable-breakpad --disable-client-side-phishing-detection --disable-component-extensions-with-background-pages --disable-component-update --no-default-browser-check --disable-default-apps --disable-dev-shm-usage --disable-extensions --disable-features=AvoidUnnecessaryBeforeUnloadCheckSync,BoundaryEventDispatchTracksNodeRemoval,DestroyProfileOnBrowserClose,DialMediaRouteProvider,GlobalMediaControls,HttpsUpgrades,LensOverlay,MediaRouter,PaintHolding,ThirdPartyStoragePartitioning,Translate,AutoDeElevate,RenderDocument,OptimizationHints --enable-features=CDPScreenshotNewSurface --allow-pre-commit-input --disable-hang-monitor --disable-ipc-flooding-protection --disable-popup-blocking --disable-prompt-on-repost --disable-renderer-backgrounding --force-color-profile=srgb --metrics-recording-only --no-first-run --password-store=basic --use-mock-keychain --no-service-autorun --export-tagged-pdf --disable-search-engine-choice-screen --unsafely-disable-devtools-self-xss-warnings --edge-skip-compat-layer-relaunch --enable-automation --disable-infobars --disable-search-engine-choice-screen --disable-sync --headless --hide-scrollbars --mute-audio --blink-settings=primaryHoverType=2,availableHoverTypes=2,primaryPointerType=4,availablePointerTypes=4 --no-sandbox --user-data-dir=/var/folders/lc/yzv1n_8s1fz036knfczr32f00000gn/T/playwright_chromiumdev_profile-yfJ8WX --remote-debugging-pipe --no-startup-window
    <launched> pid=59100
    Call log:
    [2m  - <launching> /Applications/Google Chrome.app/Contents/MacOS/Google Chrome --disable-field-trial-config --disable-background-networking --disable-background-timer-throttling --disable-backgrounding-occluded-windows --disable-back-forward-cache --disable-breakpad --disable-client-side-phishing-detection --disable-component-extensions-with-background-pages --disable-component-update --no-default-browser-check --disable-default-apps --disable-dev-shm-usage --disable-extensions --disable-features=AvoidUnnecessaryBeforeUnloadCheckSync,BoundaryEventDispatchTracksNodeRemoval,DestroyProfileOnBrowserClose,DialMediaRouteProvider,GlobalMediaControls,HttpsUpgrades,LensOverlay,MediaRouter,PaintHolding,ThirdPartyStoragePartitioning,Translate,AutoDeElevate,RenderDocument,OptimizationHints --enable-features=CDPScreenshotNewSurface --allow-pre-commit-input --disable-hang-monitor --disable-ipc-flooding-protection --disable-popup-blocking --disable-prompt-on-repost --disable-renderer-backgrounding --force-color-profile=srgb --metrics-recording-only --no-first-run --password-store=basic --use-mock-keychain --no-service-autorun --export-tagged-pdf --disable-search-engine-choice-screen --unsafely-disable-devtools-self-xss-warnings --edge-skip-compat-layer-relaunch --enable-automation --disable-infobars --disable-search-engine-choice-screen --disable-sync --headless --hide-scrollbars --mute-audio --blink-settings=primaryHoverType=2,availableHoverTypes=2,primaryPointerType=4,availablePointerTypes=4 --no-sandbox --user-data-dir=/var/folders/lc/yzv1n_8s1fz036knfczr32f00000gn/T/playwright_chromiumdev_profile-yfJ8WX --remote-debugging-pipe --no-startup-window[22m
    [2m  - <launched> pid=59100[22m
    [2m  - [pid=59100] <gracefully close start>[22m
    [2m  - [pid=59100] <kill>[22m
    [2m  - [pid=59100] <will force kill>[22m
    [2m  - [pid=59100] exception while trying to kill process: Error: kill EPERM[22m
    [2m  - [pid=59100] <process did exit: exitCode=null, signal=SIGABRT>[22m
    [2m  - [pid=59100] starting temporary directories cleanup[22m
    [2m  - [pid=59100] finished temporary directories cleanup[22m
    [2m  - [pid=59100] <gracefully close end>[22m


    attachment #1: trace (application/zip) ─────────────────────────────────────────────────────────
    test-results/pushengage-regression-crit-60689--Add-new-Validate---Add-new-chromium-retry1/trace.zip
    Usage:

        npx playwright show-trace test-results/pushengage-regression-crit-60689--Add-new-Validate---Add-new-chromium-retry1/trace.zip

    ────────────────────────────────────────────────────────────────────────────────────────────────

    Retry #2 ───────────────────────────────────────────────────────────────────────────────────────

    Error: browserType.launch: Target page, context or browser has been closed
    Browser logs:

    <launching> /Applications/Google Chrome.app/Contents/MacOS/Google Chrome --disable-field-trial-config --disable-background-networking --disable-background-timer-throttling --disable-backgrounding-occluded-windows --disable-back-forward-cache --disable-breakpad --disable-client-side-phishing-detection --disable-component-extensions-with-background-pages --disable-component-update --no-default-browser-check --disable-default-apps --disable-dev-shm-usage --disable-extensions --disable-features=AvoidUnnecessaryBeforeUnloadCheckSync,BoundaryEventDispatchTracksNodeRemoval,DestroyProfileOnBrowserClose,DialMediaRouteProvider,GlobalMediaControls,HttpsUpgrades,LensOverlay,MediaRouter,PaintHolding,ThirdPartyStoragePartitioning,Translate,AutoDeElevate,RenderDocument,OptimizationHints --enable-features=CDPScreenshotNewSurface --allow-pre-commit-input --disable-hang-monitor --disable-ipc-flooding-protection --disable-popup-blocking --disable-prompt-on-repost --disable-renderer-backgrounding --force-color-profile=srgb --metrics-recording-only --no-first-run --password-store=basic --use-mock-keychain --no-service-autorun --export-tagged-pdf --disable-search-engine-choice-screen --unsafely-disable-devtools-self-xss-warnings --edge-skip-compat-layer-relaunch --enable-automation --disable-infobars --disable-search-engine-choice-screen --disable-sync --headless --hide-scrollbars --mute-audio --blink-settings=primaryHoverType=2,availableHoverTypes=2,primaryPointerType=4,availablePointerTypes=4 --no-sandbox --user-data-dir=/var/folders/lc/yzv1n_8s1fz036knfczr32f00000gn/T/playwright_chromiumdev_profile-61sYLA --remote-debugging-pipe --no-startup-window
    <launched> pid=59126
    Call log:
    [2m  - <launching> /Applications/Google Chrome.app/Contents/MacOS/Google Chrome --disable-field-trial-config --disable-background-networking --disable-background-timer-throttling --disable-backgrounding-occluded-windows --disable-back-forward-cache --disable-breakpad --disable-client-side-phishing-detection --disable-component-extensions-with-background-pages --disable-component-update --no-default-browser-check --disable-default-apps --disable-dev-shm-usage --disable-extensions --disable-features=AvoidUnnecessaryBeforeUnloadCheckSync,BoundaryEventDispatchTracksNodeRemoval,DestroyProfileOnBrowserClose,DialMediaRouteProvider,GlobalMediaControls,HttpsUpgrades,LensOverlay,MediaRouter,PaintHolding,ThirdPartyStoragePartitioning,Translate,AutoDeElevate,RenderDocument,OptimizationHints --enable-features=CDPScreenshotNewSurface --allow-pre-commit-input --disable-hang-monitor --disable-ipc-flooding-protection --disable-popup-blocking --disable-prompt-on-repost --disable-renderer-backgrounding --force-color-profile=srgb --metrics-recording-only --no-first-run --password-store=basic --use-mock-keychain --no-service-autorun --export-tagged-pdf --disable-search-engine-choice-screen --unsafely-disable-devtools-self-xss-warnings --edge-skip-compat-layer-relaunch --enable-automation --disable-infobars --disable-search-engine-choice-screen --disable-sync --headless --hide-scrollbars --mute-audio --blink-settings=primaryHoverType=2,availableHoverTypes=2,primaryPointerType=4,availablePointerTypes=4 --no-sandbox --user-data-dir=/var/folders/lc/yzv1n_8s1fz036knfczr32f00000gn/T/playwright_chromiumdev_profile-61sYLA --remote-debugging-pipe --no-startup-window[22m
    [2m  - <launched> pid=59126[22m
    [2m  - [pid=59126] <gracefully close start>[22m
    [2m  - [pid=59126] <kill>[22m
    [2m  - [pid=59126] <will force kill>[22m
    [2m  - [pid=59126] exception while trying to kill process: Error: kill EPERM[22m
    [2m  - [pid=59126] <process did exit: exitCode=null, signal=SIGABRT>[22m
    [2m  - [pid=59126] starting temporary directories cleanup[22m
    [2m  - [pid=59126] finished temporary directories cleanup[22m
    [2m  - [pid=59126] <gracefully close end>[22m


  5) [chromium] › tests/pushengage-regression/critical/campaigns/05-validate-add-new-content-page.spec.js:17:3 › CRITICAL - Campaigns - Validate - Add new - Content page › Validate - Add new - Content page 

    Error: browserType.launch: Target page, context or browser has been closed
    Browser logs:

    <launching> /Applications/Google Chrome.app/Contents/MacOS/Google Chrome --disable-field-trial-config --disable-background-networking --disable-background-timer-throttling --disable-backgrounding-occluded-windows --disable-back-forward-cache --disable-breakpad --disable-client-side-phishing-detection --disable-component-extensions-with-background-pages --disable-component-update --no-default-browser-check --disable-default-apps --disable-dev-shm-usage --disable-extensions --disable-features=AvoidUnnecessaryBeforeUnloadCheckSync,BoundaryEventDispatchTracksNodeRemoval,DestroyProfileOnBrowserClose,DialMediaRouteProvider,GlobalMediaControls,HttpsUpgrades,LensOverlay,MediaRouter,PaintHolding,ThirdPartyStoragePartitioning,Translate,AutoDeElevate,RenderDocument,OptimizationHints --enable-features=CDPScreenshotNewSurface --allow-pre-commit-input --disable-hang-monitor --disable-ipc-flooding-protection --disable-popup-blocking --disable-prompt-on-repost --disable-renderer-backgrounding --force-color-profile=srgb --metrics-recording-only --no-first-run --password-store=basic --use-mock-keychain --no-service-autorun --export-tagged-pdf --disable-search-engine-choice-screen --unsafely-disable-devtools-self-xss-warnings --edge-skip-compat-layer-relaunch --enable-automation --disable-infobars --disable-search-engine-choice-screen --disable-sync --headless --hide-scrollbars --mute-audio --blink-settings=primaryHoverType=2,availableHoverTypes=2,primaryPointerType=4,availablePointerTypes=4 --no-sandbox --user-data-dir=/var/folders/lc/yzv1n_8s1fz036knfczr32f00000gn/T/playwright_chromiumdev_profile-aFm9Ju --remote-debugging-pipe --no-startup-window
    <launched> pid=59147
    Call log:
    [2m  - <launching> /Applications/Google Chrome.app/Contents/MacOS/Google Chrome --disable-field-trial-config --disable-background-networking --disable-background-timer-throttling --disable-backgrounding-occluded-windows --disable-back-forward-cache --disable-breakpad --disable-client-side-phishing-detection --disable-component-extensions-with-background-pages --disable-component-update --no-default-browser-check --disable-default-apps --disable-dev-shm-usage --disable-extensions --disable-features=AvoidUnnecessaryBeforeUnloadCheckSync,BoundaryEventDispatchTracksNodeRemoval,DestroyProfileOnBrowserClose,DialMediaRouteProvider,GlobalMediaControls,HttpsUpgrades,LensOverlay,MediaRouter,PaintHolding,ThirdPartyStoragePartitioning,Translate,AutoDeElevate,RenderDocument,OptimizationHints --enable-features=CDPScreenshotNewSurface --allow-pre-commit-input --disable-hang-monitor --disable-ipc-flooding-protection --disable-popup-blocking --disable-prompt-on-repost --disable-renderer-backgrounding --force-color-profile=srgb --metrics-recording-only --no-first-run --password-store=basic --use-mock-keychain --no-service-autorun --export-tagged-pdf --disable-search-engine-choice-screen --unsafely-disable-devtools-self-xss-warnings --edge-skip-compat-layer-relaunch --enable-automation --disable-infobars --disable-search-engine-choice-screen --disable-sync --headless --hide-scrollbars --mute-audio --blink-settings=primaryHoverType=2,availableHoverTypes=2,primaryPointerType=4,availablePointerTypes=4 --no-sandbox --user-data-dir=/var/folders/lc/yzv1n_8s1fz036knfczr32f00000gn/T/playwright_chromiumdev_profile-aFm9Ju --remote-debugging-pipe --no-startup-window[22m
    [2m  - <launched> pid=59147[22m
    [2m  - [pid=59147] <gracefully close start>[22m
    [2m  - [pid=59147] <kill>[22m
    [2m  - [pid=59147] <will force kill>[22m
    [2m  - [pid=59147] exception while trying to kill process: Error: kill EPERM[22m
    [2m  - [pid=59147] <process did exit: exitCode=null, signal=SIGABRT>[22m
    [2m  - [pid=59147] starting temporary directories cleanup[22m
    [2m  - [pid=59147] finished temporary directories cleanup[22m
    [2m  - [pid=59147] <gracefully close end>[22m


    Retry #1 ───────────────────────────────────────────────────────────────────────────────────────

    Error: browserType.launch: Target page, context or browser has been closed
    Browser logs:

    <launching> /Applications/Google Chrome.app/Contents/MacOS/Google Chrome --disable-field-trial-config --disable-background-networking --disable-background-timer-throttling --disable-backgrounding-occluded-windows --disable-back-forward-cache --disable-breakpad --disable-client-side-phishing-detection --disable-component-extensions-with-background-pages --disable-component-update --no-default-browser-check --disable-default-apps --disable-dev-shm-usage --disable-extensions --disable-features=AvoidUnnecessaryBeforeUnloadCheckSync,BoundaryEventDispatchTracksNodeRemoval,DestroyProfileOnBrowserClose,DialMediaRouteProvider,GlobalMediaControls,HttpsUpgrades,LensOverlay,MediaRouter,PaintHolding,ThirdPartyStoragePartitioning,Translate,AutoDeElevate,RenderDocument,OptimizationHints --enable-features=CDPScreenshotNewSurface --allow-pre-commit-input --disable-hang-monitor --disable-ipc-flooding-protection --disable-popup-blocking --disable-prompt-on-repost --disable-renderer-backgrounding --force-color-profile=srgb --metrics-recording-only --no-first-run --password-store=basic --use-mock-keychain --no-service-autorun --export-tagged-pdf --disable-search-engine-choice-screen --unsafely-disable-devtools-self-xss-warnings --edge-skip-compat-layer-relaunch --enable-automation --disable-infobars --disable-search-engine-choice-screen --disable-sync --headless --hide-scrollbars --mute-audio --blink-settings=primaryHoverType=2,availableHoverTypes=2,primaryPointerType=4,availablePointerTypes=4 --no-sandbox --user-data-dir=/var/folders/lc/yzv1n_8s1fz036knfczr32f00000gn/T/playwright_chromiumdev_profile-GnsYAw --remote-debugging-pipe --no-startup-window
    <launched> pid=59173
    Call log:
    [2m  - <launching> /Applications/Google Chrome.app/Contents/MacOS/Google Chrome --disable-field-trial-config --disable-background-networking --disable-background-timer-throttling --disable-backgrounding-occluded-windows --disable-back-forward-cache --disable-breakpad --disable-client-side-phishing-detection --disable-component-extensions-with-background-pages --disable-component-update --no-default-browser-check --disable-default-apps --disable-dev-shm-usage --disable-extensions --disable-features=AvoidUnnecessaryBeforeUnloadCheckSync,BoundaryEventDispatchTracksNodeRemoval,DestroyProfileOnBrowserClose,DialMediaRouteProvider,GlobalMediaControls,HttpsUpgrades,LensOverlay,MediaRouter,PaintHolding,ThirdPartyStoragePartitioning,Translate,AutoDeElevate,RenderDocument,OptimizationHints --enable-features=CDPScreenshotNewSurface --allow-pre-commit-input --disable-hang-monitor --disable-ipc-flooding-protection --disable-popup-blocking --disable-prompt-on-repost --disable-renderer-backgrounding --force-color-profile=srgb --metrics-recording-only --no-first-run --password-store=basic --use-mock-keychain --no-service-autorun --export-tagged-pdf --disable-search-engine-choice-screen --unsafely-disable-devtools-self-xss-warnings --edge-skip-compat-layer-relaunch --enable-automation --disable-infobars --disable-search-engine-choice-screen --disable-sync --headless --hide-scrollbars --mute-audio --blink-settings=primaryHoverType=2,availableHoverTypes=2,primaryPointerType=4,availablePointerTypes=4 --no-sandbox --user-data-dir=/var/folders/lc/yzv1n_8s1fz036knfczr32f00000gn/T/playwright_chromiumdev_profile-GnsYAw --remote-debugging-pipe --no-startup-window[22m
    [2m  - <launched> pid=59173[22m
    [2m  - [pid=59173] <gracefully close start>[22m
    [2m  - [pid=59173] <kill>[22m
    [2m  - [pid=59173] <will force kill>[22m
    [2m  - [pid=59173] exception while trying to kill process: Error: kill EPERM[22m
    [2m  - [pid=59173] <process did exit: exitCode=null, signal=SIGABRT>[22m
    [2m  - [pid=59173] starting temporary directories cleanup[22m
    [2m  - [pid=59173] finished temporary directories cleanup[22m
    [2m  - [pid=59173] <gracefully close end>[22m


    attachment #1: trace (application/zip) ─────────────────────────────────────────────────────────
    test-results/pushengage-regression-crit-b5736-te---Add-new---Content-page-chromium-retry1/trace.zip
    Usage:

        npx playwright show-trace test-results/pushengage-regression-crit-b5736-te---Add-new---Content-page-chromium-retry1/trace.zip

    ────────────────────────────────────────────────────────────────────────────────────────────────

    Retry #2 ───────────────────────────────────────────────────────────────────────────────────────

    Error: browserType.launch: Target page, context or browser has been closed
    Browser logs:

    <launching> /Applications/Google Chrome.app/Contents/MacOS/Google Chrome --disable-field-trial-config --disable-background-networking --disable-background-timer-throttling --disable-backgrounding-occluded-windows --disable-back-forward-cache --disable-breakpad --disable-client-side-phishing-detection --disable-component-extensions-with-background-pages --disable-component-update --no-default-browser-check --disable-default-apps --disable-dev-shm-usage --disable-extensions --disable-features=AvoidUnnecessaryBeforeUnloadCheckSync,BoundaryEventDispatchTracksNodeRemoval,DestroyProfileOnBrowserClose,DialMediaRouteProvider,GlobalMediaControls,HttpsUpgrades,LensOverlay,MediaRouter,PaintHolding,ThirdPartyStoragePartitioning,Translate,AutoDeElevate,RenderDocument,OptimizationHints --enable-features=CDPScreenshotNewSurface --allow-pre-commit-input --disable-hang-monitor --disable-ipc-flooding-protection --disable-popup-blocking --disable-prompt-on-repost --disable-renderer-backgrounding --force-color-profile=srgb --metrics-recording-only --no-first-run --password-store=basic --use-mock-keychain --no-service-autorun --export-tagged-pdf --disable-search-engine-choice-screen --unsafely-disable-devtools-self-xss-warnings --edge-skip-compat-layer-relaunch --enable-automation --disable-infobars --disable-search-engine-choice-screen --disable-sync --headless --hide-scrollbars --mute-audio --blink-settings=primaryHoverType=2,availableHoverTypes=2,primaryPointerType=4,availablePointerTypes=4 --no-sandbox --user-data-dir=/var/folders/lc/yzv1n_8s1fz036knfczr32f00000gn/T/playwright_chromiumdev_profile-2fOglk --remote-debugging-pipe --no-startup-window
    <launched> pid=59199
    Call log:
    [2m  - <launching> /Applications/Google Chrome.app/Contents/MacOS/Google Chrome --disable-field-trial-config --disable-background-networking --disable-background-timer-throttling --disable-backgrounding-occluded-windows --disable-back-forward-cache --disable-breakpad --disable-client-side-phishing-detection --disable-component-extensions-with-background-pages --disable-component-update --no-default-browser-check --disable-default-apps --disable-dev-shm-usage --disable-extensions --disable-features=AvoidUnnecessaryBeforeUnloadCheckSync,BoundaryEventDispatchTracksNodeRemoval,DestroyProfileOnBrowserClose,DialMediaRouteProvider,GlobalMediaControls,HttpsUpgrades,LensOverlay,MediaRouter,PaintHolding,ThirdPartyStoragePartitioning,Translate,AutoDeElevate,RenderDocument,OptimizationHints --enable-features=CDPScreenshotNewSurface --allow-pre-commit-input --disable-hang-monitor --disable-ipc-flooding-protection --disable-popup-blocking --disable-prompt-on-repost --disable-renderer-backgrounding --force-color-profile=srgb --metrics-recording-only --no-first-run --password-store=basic --use-mock-keychain --no-service-autorun --export-tagged-pdf --disable-search-engine-choice-screen --unsafely-disable-devtools-self-xss-warnings --edge-skip-compat-layer-relaunch --enable-automation --disable-infobars --disable-search-engine-choice-screen --disable-sync --headless --hide-scrollbars --mute-audio --blink-settings=primaryHoverType=2,availableHoverTypes=2,primaryPointerType=4,availablePointerTypes=4 --no-sandbox --user-data-dir=/var/folders/lc/yzv1n_8s1fz036knfczr32f00000gn/T/playwright_chromiumdev_profile-2fOglk --remote-debugging-pipe --no-startup-window[22m
    [2m  - <launched> pid=59199[22m
    [2m  - [pid=59199] <gracefully close start>[22m
    [2m  - [pid=59199] <kill>[22m
    [2m  - [pid=59199] <will force kill>[22m
    [2m  - [pid=59199] exception while trying to kill process: Error: kill EPERM[22m
    [2m  - [pid=59199] <process did exit: exitCode=null, signal=SIGABRT>[22m
    [2m  - [pid=59199] starting temporary directories cleanup[22m
    [2m  - [pid=59199] finished temporary directories cleanup[22m
    [2m  - [pid=59199] <gracefully close end>[22m


  6) [chromium] › tests/pushengage-regression/critical/campaigns/06-validate-add-new-content-notification-fields.spec.js:17:3 › CRITICAL - Campaigns - Validate - Add new - Content - Notification fields › Validate - Add new - Content - Notification fields 

    Error: browserType.launch: Target page, context or browser has been closed
    Browser logs:

    <launching> /Applications/Google Chrome.app/Contents/MacOS/Google Chrome --disable-field-trial-config --disable-background-networking --disable-background-timer-throttling --disable-backgrounding-occluded-windows --disable-back-forward-cache --disable-breakpad --disable-client-side-phishing-detection --disable-component-extensions-with-background-pages --disable-component-update --no-default-browser-check --disable-default-apps --disable-dev-shm-usage --disable-extensions --disable-features=AvoidUnnecessaryBeforeUnloadCheckSync,BoundaryEventDispatchTracksNodeRemoval,DestroyProfileOnBrowserClose,DialMediaRouteProvider,GlobalMediaControls,HttpsUpgrades,LensOverlay,MediaRouter,PaintHolding,ThirdPartyStoragePartitioning,Translate,AutoDeElevate,RenderDocument,OptimizationHints --enable-features=CDPScreenshotNewSurface --allow-pre-commit-input --disable-hang-monitor --disable-ipc-flooding-protection --disable-popup-blocking --disable-prompt-on-repost --disable-renderer-backgrounding --force-color-profile=srgb --metrics-recording-only --no-first-run --password-store=basic --use-mock-keychain --no-service-autorun --export-tagged-pdf --disable-search-engine-choice-screen --unsafely-disable-devtools-self-xss-warnings --edge-skip-compat-layer-relaunch --enable-automation --disable-infobars --disable-search-engine-choice-screen --disable-sync --headless --hide-scrollbars --mute-audio --blink-settings=primaryHoverType=2,availableHoverTypes=2,primaryPointerType=4,availablePointerTypes=4 --no-sandbox --user-data-dir=/var/folders/lc/yzv1n_8s1fz036knfczr32f00000gn/T/playwright_chromiumdev_profile-DWfXwI --remote-debugging-pipe --no-startup-window
    <launched> pid=59227
    [pid=59227] <process did exit: exitCode=null, signal=SIGABRT>
    [pid=59227] starting temporary directories cleanup
    Call log:
    [2m  - <launching> /Applications/Google Chrome.app/Contents/MacOS/Google Chrome --disable-field-trial-config --disable-background-networking --disable-background-timer-throttling --disable-backgrounding-occluded-windows --disable-back-forward-cache --disable-breakpad --disable-client-side-phishing-detection --disable-component-extensions-with-background-pages --disable-component-update --no-default-browser-check --disable-default-apps --disable-dev-shm-usage --disable-extensions --disable-features=AvoidUnnecessaryBeforeUnloadCheckSync,BoundaryEventDispatchTracksNodeRemoval,DestroyProfileOnBrowserClose,DialMediaRouteProvider,GlobalMediaControls,HttpsUpgrades,LensOverlay,MediaRouter,PaintHolding,ThirdPartyStoragePartitioning,Translate,AutoDeElevate,RenderDocument,OptimizationHints --enable-features=CDPScreenshotNewSurface --allow-pre-commit-input --disable-hang-monitor --disable-ipc-flooding-protection --disable-popup-blocking --disable-prompt-on-repost --disable-renderer-backgrounding --force-color-profile=srgb --metrics-recording-only --no-first-run --password-store=basic --use-mock-keychain --no-service-autorun --export-tagged-pdf --disable-search-engine-choice-screen --unsafely-disable-devtools-self-xss-warnings --edge-skip-compat-layer-relaunch --enable-automation --disable-infobars --disable-search-engine-choice-screen --disable-sync --headless --hide-scrollbars --mute-audio --blink-settings=primaryHoverType=2,availableHoverTypes=2,primaryPointerType=4,availablePointerTypes=4 --no-sandbox --user-data-dir=/var/folders/lc/yzv1n_8s1fz036knfczr32f00000gn/T/playwright_chromiumdev_profile-DWfXwI --remote-debugging-pipe --no-startup-window[22m
    [2m  - <launched> pid=59227[22m
    [2m  - [pid=59227] <process did exit: exitCode=null, signal=SIGABRT>[22m
    [2m  - [pid=59227] starting temporary directories cleanup[22m
    [2m  - [pid=59227] <gracefully close start>[22m
    [2m  - [pid=59227] <kill>[22m
    [2m  - [pid=59227] <skipped force kill spawnedProcess.killed=false processClosed=true>[22m
    [2m  - [pid=59227] finished temporary directories cleanup[22m
    [2m  - [pid=59227] <gracefully close end>[22m


    Retry #1 ───────────────────────────────────────────────────────────────────────────────────────

    Error: browserType.launch: Target page, context or browser has been closed
    Browser logs:

    <launching> /Applications/Google Chrome.app/Contents/MacOS/Google Chrome --disable-field-trial-config --disable-background-networking --disable-background-timer-throttling --disable-backgrounding-occluded-windows --disable-back-forward-cache --disable-breakpad --disable-client-side-phishing-detection --disable-component-extensions-with-background-pages --disable-component-update --no-default-browser-check --disable-default-apps --disable-dev-shm-usage --disable-extensions --disable-features=AvoidUnnecessaryBeforeUnloadCheckSync,BoundaryEventDispatchTracksNodeRemoval,DestroyProfileOnBrowserClose,DialMediaRouteProvider,GlobalMediaControls,HttpsUpgrades,LensOverlay,MediaRouter,PaintHolding,ThirdPartyStoragePartitioning,Translate,AutoDeElevate,RenderDocument,OptimizationHints --enable-features=CDPScreenshotNewSurface --allow-pre-commit-input --disable-hang-monitor --disable-ipc-flooding-protection --disable-popup-blocking --disable-prompt-on-repost --disable-renderer-backgrounding --force-color-profile=srgb --metrics-recording-only --no-first-run --password-store=basic --use-mock-keychain --no-service-autorun --export-tagged-pdf --disable-search-engine-choice-screen --unsafely-disable-devtools-self-xss-warnings --edge-skip-compat-layer-relaunch --enable-automation --disable-infobars --disable-search-engine-choice-screen --disable-sync --headless --hide-scrollbars --mute-audio --blink-settings=primaryHoverType=2,availableHoverTypes=2,primaryPointerType=4,availablePointerTypes=4 --no-sandbox --user-data-dir=/var/folders/lc/yzv1n_8s1fz036knfczr32f00000gn/T/playwright_chromiumdev_profile-oEXGgJ --remote-debugging-pipe --no-startup-window
    <launched> pid=59253
    Call log:
    [2m  - <launching> /Applications/Google Chrome.app/Contents/MacOS/Google Chrome --disable-field-trial-config --disable-background-networking --disable-background-timer-throttling --disable-backgrounding-occluded-windows --disable-back-forward-cache --disable-breakpad --disable-client-side-phishing-detection --disable-component-extensions-with-background-pages --disable-component-update --no-default-browser-check --disable-default-apps --disable-dev-shm-usage --disable-extensions --disable-features=AvoidUnnecessaryBeforeUnloadCheckSync,BoundaryEventDispatchTracksNodeRemoval,DestroyProfileOnBrowserClose,DialMediaRouteProvider,GlobalMediaControls,HttpsUpgrades,LensOverlay,MediaRouter,PaintHolding,ThirdPartyStoragePartitioning,Translate,AutoDeElevate,RenderDocument,OptimizationHints --enable-features=CDPScreenshotNewSurface --allow-pre-commit-input --disable-hang-monitor --disable-ipc-flooding-protection --disable-popup-blocking --disable-prompt-on-repost --disable-renderer-backgrounding --force-color-profile=srgb --metrics-recording-only --no-first-run --password-store=basic --use-mock-keychain --no-service-autorun --export-tagged-pdf --disable-search-engine-choice-screen --unsafely-disable-devtools-self-xss-warnings --edge-skip-compat-layer-relaunch --enable-automation --disable-infobars --disable-search-engine-choice-screen --disable-sync --headless --hide-scrollbars --mute-audio --blink-settings=primaryHoverType=2,availableHoverTypes=2,primaryPointerType=4,availablePointerTypes=4 --no-sandbox --user-data-dir=/var/folders/lc/yzv1n_8s1fz036knfczr32f00000gn/T/playwright_chromiumdev_profile-oEXGgJ --remote-debugging-pipe --no-startup-window[22m
    [2m  - <launched> pid=59253[22m
    [2m  - [pid=59253] <gracefully close start>[22m
    [2m  - [pid=59253] <kill>[22m
    [2m  - [pid=59253] <will force kill>[22m
    [2m  - [pid=59253] exception while trying to kill process: Error: kill EPERM[22m
    [2m  - [pid=59253] <process did exit: exitCode=null, signal=SIGABRT>[22m
    [2m  - [pid=59253] starting temporary directories cleanup[22m
    [2m  - [pid=59253] finished temporary directories cleanup[22m
    [2m  - [pid=59253] <gracefully close end>[22m


    attachment #1: trace (application/zip) ─────────────────────────────────────────────────────────
    test-results/pushengage-regression-crit-4955d-ntent---Notification-fields-chromium-retry1/trace.zip
    Usage:

        npx playwright show-trace test-results/pushengage-regression-crit-4955d-ntent---Notification-fields-chromium-retry1/trace.zip

    ────────────────────────────────────────────────────────────────────────────────────────────────

    Retry #2 ───────────────────────────────────────────────────────────────────────────────────────

    Error: browserType.launch: Target page, context or browser has been closed
    Browser logs:

    <launching> /Applications/Google Chrome.app/Contents/MacOS/Google Chrome --disable-field-trial-config --disable-background-networking --disable-background-timer-throttling --disable-backgrounding-occluded-windows --disable-back-forward-cache --disable-breakpad --disable-client-side-phishing-detection --disable-component-extensions-with-background-pages --disable-component-update --no-default-browser-check --disable-default-apps --disable-dev-shm-usage --disable-extensions --disable-features=AvoidUnnecessaryBeforeUnloadCheckSync,BoundaryEventDispatchTracksNodeRemoval,DestroyProfileOnBrowserClose,DialMediaRouteProvider,GlobalMediaControls,HttpsUpgrades,LensOverlay,MediaRouter,PaintHolding,ThirdPartyStoragePartitioning,Translate,AutoDeElevate,RenderDocument,OptimizationHints --enable-features=CDPScreenshotNewSurface --allow-pre-commit-input --disable-hang-monitor --disable-ipc-flooding-protection --disable-popup-blocking --disable-prompt-on-repost --disable-renderer-backgrounding --force-color-profile=srgb --metrics-recording-only --no-first-run --password-store=basic --use-mock-keychain --no-service-autorun --export-tagged-pdf --disable-search-engine-choice-screen --unsafely-disable-devtools-self-xss-warnings --edge-skip-compat-layer-relaunch --enable-automation --disable-infobars --disable-search-engine-choice-screen --disable-sync --headless --hide-scrollbars --mute-audio --blink-settings=primaryHoverType=2,availableHoverTypes=2,primaryPointerType=4,availablePointerTypes=4 --no-sandbox --user-data-dir=/var/folders/lc/yzv1n_8s1fz036knfczr32f00000gn/T/playwright_chromiumdev_profile-EyU4sc --remote-debugging-pipe --no-startup-window
    <launched> pid=59282
    [pid=59282] <process did exit: exitCode=null, signal=SIGABRT>
    [pid=59282] starting temporary directories cleanup
    Call log:
    [2m  - <launching> /Applications/Google Chrome.app/Contents/MacOS/Google Chrome --disable-field-trial-config --disable-background-networking --disable-background-timer-throttling --disable-backgrounding-occluded-windows --disable-back-forward-cache --disable-breakpad --disable-client-side-phishing-detection --disable-component-extensions-with-background-pages --disable-component-update --no-default-browser-check --disable-default-apps --disable-dev-shm-usage --disable-extensions --disable-features=AvoidUnnecessaryBeforeUnloadCheckSync,BoundaryEventDispatchTracksNodeRemoval,DestroyProfileOnBrowserClose,DialMediaRouteProvider,GlobalMediaControls,HttpsUpgrades,LensOverlay,MediaRouter,PaintHolding,ThirdPartyStoragePartitioning,Translate,AutoDeElevate,RenderDocument,OptimizationHints --enable-features=CDPScreenshotNewSurface --allow-pre-commit-input --disable-hang-monitor --disable-ipc-flooding-protection --disable-popup-blocking --disable-prompt-on-repost --disable-renderer-backgrounding --force-color-profile=srgb --metrics-recording-only --no-first-run --password-store=basic --use-mock-keychain --no-service-autorun --export-tagged-pdf --disable-search-engine-choice-screen --unsafely-disable-devtools-self-xss-warnings --edge-skip-compat-layer-relaunch --enable-automation --disable-infobars --disable-search-engine-choice-screen --disable-sync --headless --hide-scrollbars --mute-audio --blink-settings=primaryHoverType=2,availableHoverTypes=2,primaryPointerType=4,availablePointerTypes=4 --no-sandbox --user-data-dir=/var/folders/lc/yzv1n_8s1fz036knfczr32f00000gn/T/playwright_chromiumdev_profile-EyU4sc --remote-debugging-pipe --no-startup-window[22m
    [2m  - <launched> pid=59282[22m
    [2m  - [pid=59282] <process did exit: exitCode=null, signal=SIGABRT>[22m
    [2m  - [pid=59282] starting temporary directories cleanup[22m
    [2m  - [pid=59282] <gracefully close start>[22m
    [2m  - [pid=59282] <kill>[22m
    [2m  - [pid=59282] <skipped force kill spawnedProcess.killed=false processClosed=true>[22m
    [2m  - [pid=59282] finished temporary directories cleanup[22m
    [2m  - [pid=59282] <gracefully close end>[22m


  6 failed
    [chromium] › tests/pushengage-regression/critical/campaigns/01-validate-push-broadcast-page.spec.js:17:3 › CRITICAL - Campaigns - Validate- Push Broadcast page › Validate- Push Broadcast page 
    [chromium] › tests/pushengage-regression/critical/campaigns/02-validate-notification-icon.spec.js:17:3 › CRITICAL - Campaigns - Validate - Notification icon › Validate - Notification icon 
    [chromium] › tests/pushengage-regression/critical/campaigns/03-validate-help-link.spec.js:17:3 › CRITICAL - Campaigns - Validate - Help Link › Validate - Help Link 
    [chromium] › tests/pushengage-regression/critical/campaigns/04-validate-add-new.spec.js:17:3 › CRITICAL - Campaigns - Validate - Add new › Validate - Add new 
    [chromium] › tests/pushengage-regression/critical/campaigns/05-validate-add-new-content-page.spec.js:17:3 › CRITICAL - Campaigns - Validate - Add new - Content page › Validate - Add new - Content page 
    [chromium] › tests/pushengage-regression/critical/campaigns/06-validate-add-new-content-notification-fields.spec.js:17:3 › CRITICAL - Campaigns - Validate - Add new - Content - Notification fields › Validate - Add new - Content - Notification fields 
